<?xml version="1.0" encoding="UTF-8"?>
<coverage generated="1775134161373" clover="3.2.0">
  <project timestamp="1775134161373" name="All files">
    <metrics statements="233" coveredstatements="233" conditionals="183" coveredconditionals="183" methods="55" coveredmethods="55" elements="471" coveredelements="471" complexity="0" loc="233" ncloc="233" packages="1" files="5" classes="5"/>
    <file name="cart.js" path="/home/runner/work/verbose-spoon/verbose-spoon/src/cart.js">
      <metrics statements="60" coveredstatements="60" conditionals="49" coveredconditionals="49" methods="11" coveredmethods="11"/>
      <line num="3" count="2" type="stmt"/>
      <line num="4" count="2" type="stmt"/>
      <line num="9" count="2" type="stmt"/>
      <line num="15" count="62" type="stmt"/>
      <line num="16" count="47" type="stmt"/>
      <line num="26" count="32" type="cond" truecount="2" falsecount="0"/>
      <line num="27" count="31" type="cond" truecount="2" falsecount="0"/>
      <line num="28" count="4" type="stmt"/>
      <line num="30" count="31" type="stmt"/>
      <line num="41" count="75" type="cond" truecount="2" falsecount="0"/>
      <line num="42" count="74" type="cond" truecount="2" falsecount="0"/>
      <line num="43" count="73" type="cond" truecount="4" falsecount="0"/>
      <line num="44" count="2" type="stmt"/>
      <line num="47" count="71" type="stmt"/>
      <line num="48" count="71" type="cond" truecount="2" falsecount="0"/>
      <line num="49" count="70" type="cond" truecount="2" falsecount="0"/>
      <line num="50" count="69" type="cond" truecount="2" falsecount="0"/>
      <line num="51" count="1" type="stmt"/>
      <line num="54" count="68" type="cond" truecount="2" falsecount="0"/>
      <line num="55" count="43" type="stmt"/>
      <line num="58" count="68" type="stmt"/>
      <line num="59" count="68" type="stmt"/>
      <line num="60" count="68" type="cond" truecount="2" falsecount="0"/>
      <line num="61" count="3" type="stmt"/>
      <line num="62" count="3" type="cond" truecount="2" falsecount="0"/>
      <line num="63" count="1" type="stmt"/>
      <line num="65" count="2" type="stmt"/>
      <line num="67" count="65" type="stmt"/>
      <line num="69" count="67" type="stmt"/>
      <line num="70" count="67" type="stmt"/>
      <line num="81" count="12" type="cond" truecount="2" falsecount="0"/>
      <line num="82" count="11" type="cond" truecount="2" falsecount="0"/>
      <line num="83" count="10" type="cond" truecount="2" falsecount="0"/>
      <line num="85" count="8" type="stmt"/>
      <line num="86" count="8" type="cond" truecount="2" falsecount="0"/>
      <line num="88" count="7" type="stmt"/>
      <line num="89" count="7" type="cond" truecount="2" falsecount="0"/>
      <line num="91" count="6" type="cond" truecount="2" falsecount="0"/>
      <line num="92" count="3" type="stmt"/>
      <line num="94" count="3" type="stmt"/>
      <line num="95" count="3" type="cond" truecount="2" falsecount="0"/>
      <line num="96" count="2" type="cond" truecount="2" falsecount="0"/>
      <line num="97" count="1" type="stmt"/>
      <line num="99" count="1" type="stmt"/>
      <line num="101" count="4" type="stmt"/>
      <line num="102" count="4" type="stmt"/>
      <line num="112" count="2" type="stmt"/>
      <line num="121" count="25" type="cond" truecount="2" falsecount="0"/>
      <line num="122" count="24" type="stmt"/>
      <line num="123" count="24" type="cond" truecount="2" falsecount="0"/>
      <line num="124" count="23" type="stmt"/>
      <line num="125" count="23" type="stmt"/>
      <line num="126" count="23" type="stmt"/>
      <line num="135" count="27" type="cond" truecount="2" falsecount="0"/>
      <line num="136" count="26" type="stmt"/>
      <line num="137" count="26" type="cond" truecount="2" falsecount="0"/>
      <line num="138" count="42" type="stmt"/>
      <line num="139" count="25" type="stmt"/>
      <line num="143" count="125" type="stmt"/>
      <line num="146" count="2" type="stmt"/>
    </file>
    <file name="orders.js" path="/home/runner/work/verbose-spoon/verbose-spoon/src/orders.js">
      <metrics statements="48" coveredstatements="48" conditionals="16" coveredconditionals="16" methods="12" coveredmethods="12"/>
      <line num="3" count="1" type="stmt"/>
      <line num="4" count="1" type="stmt"/>
      <line num="5" count="1" type="stmt"/>
      <line num="7" count="1" type="stmt"/>
      <line num="13" count="1" type="stmt"/>
      <line num="15" count="1" type="stmt"/>
      <line num="18" count="1" type="stmt"/>
      <line num="30" count="26" type="stmt"/>
      <line num="31" count="22" type="stmt"/>
      <line num="33" count="26" type="stmt"/>
      <line num="43" count="25" type="cond" truecount="2" falsecount="0"/>
      <line num="45" count="24" type="stmt"/>
      <line num="46" count="24" type="cond" truecount="2" falsecount="0"/>
      <line num="49" count="23" type="stmt"/>
      <line num="50" count="23" type="stmt"/>
      <line num="51" count="23" type="stmt"/>
      <line num="52" count="40" type="stmt"/>
      <line num="53" count="39" type="stmt"/>
      <line num="57" count="1" type="stmt"/>
      <line num="60" count="22" type="stmt"/>
      <line num="61" count="22" type="stmt"/>
      <line num="62" count="22" type="stmt"/>
      <line num="64" count="22" type="stmt"/>
      <line num="65" count="22" type="stmt"/>
      <line num="68" count="39" type="stmt"/>
      <line num="77" count="22" type="stmt"/>
      <line num="78" count="22" type="stmt"/>
      <line num="80" count="39" type="stmt"/>
      <line num="89" count="4" type="stmt"/>
      <line num="90" count="4" type="cond" truecount="2" falsecount="0"/>
      <line num="91" count="6" type="stmt"/>
      <line num="100" count="4" type="cond" truecount="2" falsecount="0"/>
      <line num="101" count="3" type="stmt"/>
      <line num="102" count="4" type="stmt"/>
      <line num="103" count="4" type="stmt"/>
      <line num="115" count="21" type="cond" truecount="2" falsecount="0"/>
      <line num="116" count="20" type="cond" truecount="2" falsecount="0"/>
      <line num="117" count="1" type="stmt"/>
      <line num="120" count="19" type="stmt"/>
      <line num="121" count="19" type="cond" truecount="2" falsecount="0"/>
      <line num="123" count="18" type="stmt"/>
      <line num="131" count="18" type="stmt"/>
      <line num="132" count="18" type="cond" truecount="2" falsecount="0"/>
      <line num="133" count="3" type="stmt"/>
      <line num="136" count="15" type="stmt"/>
      <line num="137" count="15" type="stmt"/>
      <line num="138" count="30" type="stmt"/>
      <line num="141" count="1" type="stmt"/>
    </file>
    <file name="products.js" path="/home/runner/work/verbose-spoon/verbose-spoon/src/products.js">
      <metrics statements="53" coveredstatements="53" conditionals="50" coveredconditionals="50" methods="13" coveredmethods="13"/>
      <line num="3" count="3" type="stmt"/>
      <line num="5" count="3" type="stmt"/>
      <line num="11" count="3" type="stmt"/>
      <line num="17" count="109" type="stmt"/>
      <line num="18" count="109" type="stmt"/>
      <line num="27" count="170" type="cond" truecount="2" falsecount="0"/>
      <line num="28" count="167" type="cond" truecount="2" falsecount="0"/>
      <line num="29" count="166" type="cond" truecount="2" falsecount="0"/>
      <line num="30" count="164" type="cond" truecount="2" falsecount="0"/>
      <line num="31" count="163" type="cond" truecount="2" falsecount="0"/>
      <line num="33" count="161" type="stmt"/>
      <line num="34" count="161" type="stmt"/>
      <line num="43" count="161" type="stmt"/>
      <line num="44" count="161" type="stmt"/>
      <line num="53" count="109" type="stmt"/>
      <line num="54" count="80" type="cond" truecount="2" falsecount="0"/>
      <line num="63" count="8" type="stmt"/>
      <line num="64" count="7" type="cond" truecount="2" falsecount="0"/>
      <line num="65" count="3" type="stmt"/>
      <line num="66" count="4" type="stmt"/>
      <line num="68" count="7" type="stmt"/>
      <line num="78" count="19" type="stmt"/>
      <line num="79" count="19" type="cond" truecount="2" falsecount="0"/>
      <line num="81" count="18" type="stmt"/>
      <line num="83" count="18" type="cond" truecount="2" falsecount="0"/>
      <line num="84" count="3" type="cond" truecount="2" falsecount="0"/>
      <line num="85" count="2" type="stmt"/>
      <line num="87" count="17" type="cond" truecount="2" falsecount="0"/>
      <line num="88" count="2" type="cond" truecount="2" falsecount="0"/>
      <line num="89" count="1" type="stmt"/>
      <line num="91" count="16" type="cond" truecount="2" falsecount="0"/>
      <line num="92" count="3" type="cond" truecount="2" falsecount="0"/>
      <line num="93" count="2" type="stmt"/>
      <line num="95" count="15" type="cond" truecount="2" falsecount="0"/>
      <line num="96" count="2" type="cond" truecount="2" falsecount="0"/>
      <line num="97" count="1" type="stmt"/>
      <line num="99" count="14" type="cond" truecount="2" falsecount="0"/>
      <line num="100" count="2" type="cond" truecount="2" falsecount="0"/>
      <line num="101" count="1" type="stmt"/>
      <line num="103" count="13" type="cond" truecount="2" falsecount="0"/>
      <line num="104" count="5" type="stmt"/>
      <line num="107" count="13" type="stmt"/>
      <line num="116" count="5" type="stmt"/>
      <line num="127" count="47" type="cond" truecount="4" falsecount="0"/>
      <line num="128" count="3" type="stmt"/>
      <line num="130" count="66" type="stmt"/>
      <line num="131" count="44" type="cond" truecount="2" falsecount="0"/>
      <line num="132" count="43" type="stmt"/>
      <line num="133" count="43" type="cond" truecount="2" falsecount="0"/>
      <line num="134" count="2" type="stmt"/>
      <line num="136" count="41" type="stmt"/>
      <line num="137" count="41" type="stmt"/>
      <line num="140" count="3" type="stmt"/>
    </file>
    <file name="users.js" path="/home/runner/work/verbose-spoon/verbose-spoon/src/users.js">
      <metrics statements="40" coveredstatements="40" conditionals="31" coveredconditionals="31" methods="11" coveredmethods="11"/>
      <line num="3" count="1" type="stmt"/>
      <line num="5" count="1" type="stmt"/>
      <line num="11" count="1" type="stmt"/>
      <line num="14" count="1" type="stmt"/>
      <line num="23" count="33" type="stmt"/>
      <line num="24" count="24" type="stmt"/>
      <line num="26" count="33" type="stmt"/>
      <line num="35" count="31" type="cond" truecount="2" falsecount="0"/>
      <line num="36" count="28" type="cond" truecount="2" falsecount="0"/>
      <line num="37" count="27" type="cond" truecount="2" falsecount="0"/>
      <line num="40" count="26" type="stmt"/>
      <line num="41" count="4" type="stmt"/>
      <line num="43" count="26" type="cond" truecount="2" falsecount="0"/>
      <line num="45" count="24" type="stmt"/>
      <line num="46" count="24" type="stmt"/>
      <line num="54" count="24" type="stmt"/>
      <line num="55" count="24" type="stmt"/>
      <line num="64" count="5" type="stmt"/>
      <line num="65" count="5" type="cond" truecount="2" falsecount="0"/>
      <line num="74" count="5" type="cond" truecount="2" falsecount="0"/>
      <line num="75" count="3" type="stmt"/>
      <line num="76" count="2" type="stmt"/>
      <line num="78" count="3" type="cond" truecount="2" falsecount="0"/>
      <line num="86" count="4" type="stmt"/>
      <line num="87" count="4" type="stmt"/>
      <line num="88" count="2" type="stmt"/>
      <line num="98" count="12" type="cond" truecount="2" falsecount="0"/>
      <line num="99" count="11" type="stmt"/>
      <line num="100" count="11" type="cond" truecount="2" falsecount="0"/>
      <line num="102" count="10" type="cond" truecount="2" falsecount="0"/>
      <line num="103" count="3" type="cond" truecount="2" falsecount="0"/>
      <line num="104" count="2" type="stmt"/>
      <line num="106" count="9" type="cond" truecount="2" falsecount="0"/>
      <line num="107" count="2" type="cond" truecount="2" falsecount="0"/>
      <line num="108" count="1" type="stmt"/>
      <line num="110" count="8" type="cond" truecount="2" falsecount="0"/>
      <line num="111" count="4" type="stmt"/>
      <line num="113" count="8" type="stmt"/>
      <line num="122" count="4" type="stmt"/>
      <line num="125" count="1" type="stmt"/>
    </file>
    <file name="utils.js" path="/home/runner/work/verbose-spoon/verbose-spoon/src/utils.js">
      <metrics statements="32" coveredstatements="32" conditionals="37" coveredconditionals="37" methods="8" coveredmethods="8"/>
      <line num="9" count="1083" type="cond" truecount="2" falsecount="0"/>
      <line num="18" count="194" type="cond" truecount="3" falsecount="0"/>
      <line num="27" count="301" type="cond" truecount="2" falsecount="0"/>
      <line num="36" count="7" type="cond" truecount="4" falsecount="0"/>
      <line num="37" count="3" type="stmt"/>
      <line num="39" count="4" type="stmt"/>
      <line num="49" count="215" type="cond" truecount="2" falsecount="0"/>
      <line num="50" count="2" type="stmt"/>
      <line num="52" count="213" type="cond" truecount="4" falsecount="0"/>
      <line num="53" count="3" type="stmt"/>
      <line num="55" count="210" type="stmt"/>
      <line num="65" count="10" type="cond" truecount="2" falsecount="0"/>
      <line num="66" count="2" type="stmt"/>
      <line num="68" count="8" type="cond" truecount="2" falsecount="0"/>
      <line num="74" count="3" type="stmt"/>
      <line num="76" count="5" type="stmt"/>
      <line num="77" count="5" type="stmt"/>
      <line num="86" count="38" type="cond" truecount="2" falsecount="0"/>
      <line num="87" count="35" type="stmt"/>
      <line num="88" count="35" type="stmt"/>
      <line num="99" count="10" type="cond" truecount="2" falsecount="0"/>
      <line num="100" count="1" type="stmt"/>
      <line num="102" count="9" type="cond" truecount="4" falsecount="0"/>
      <line num="103" count="2" type="stmt"/>
      <line num="105" count="7" type="cond" truecount="4" falsecount="0"/>
      <line num="106" count="2" type="stmt"/>
      <line num="108" count="5" type="stmt"/>
      <line num="109" count="5" type="stmt"/>
      <line num="110" count="5" type="stmt"/>
      <line num="111" count="5" type="stmt"/>
      <line num="112" count="5" type="stmt"/>
      <line num="121" count="5" type="stmt"/>
    </file>
  </project>
</coverage>
