{"/home/runner/work/verbose-spoon/verbose-spoon/src/cart.js": {"path":"/home/runner/work/verbose-spoon/verbose-spoon/src/cart.js","statementMap":{"0":{"start":{"line":3,"column":51},"end":{"line":3,"column":69}},"1":{"start":{"line":4,"column":27},"end":{"line":4,"column":48}},"2":{"start":{"line":9,"column":15},"end":{"line":9,"column":17}},"3":{"start":{"line":15,"column":2},"end":{"line":17,"column":3}},"4":{"start":{"line":16,"column":4},"end":{"line":16,"column":23}},"5":{"start":{"line":26,"column":2},"end":{"line":26,"column":71}},"6":{"start":{"line":26,"column":33},"end":{"line":26,"column":71}},"7":{"start":{"line":27,"column":2},"end":{"line":29,"column":3}},"8":{"start":{"line":28,"column":4},"end":{"line":28,"column":81}},"9":{"start":{"line":30,"column":2},"end":{"line":30,"column":35}},"10":{"start":{"line":41,"column":2},"end":{"line":41,"column":71}},"11":{"start":{"line":41,"column":33},"end":{"line":41,"column":71}},"12":{"start":{"line":42,"column":2},"end":{"line":42,"column":77}},"13":{"start":{"line":42,"column":36},"end":{"line":42,"column":77}},"14":{"start":{"line":43,"column":2},"end":{"line":45,"column":3}},"15":{"start":{"line":44,"column":4},"end":{"line":44,"column":59}},"16":{"start":{"line":47,"column":18},"end":{"line":47,"column":43}},"17":{"start":{"line":48,"column":2},"end":{"line":48,"column":67}},"18":{"start":{"line":48,"column":16},"end":{"line":48,"column":67}},"19":{"start":{"line":49,"column":2},"end":{"line":49,"column":81}},"20":{"start":{"line":49,"column":23},"end":{"line":49,"column":81}},"21":{"start":{"line":50,"column":2},"end":{"line":52,"column":3}},"22":{"start":{"line":51,"column":4},"end":{"line":51,"column":67}},"23":{"start":{"line":54,"column":2},"end":{"line":56,"column":3}},"24":{"start":{"line":55,"column":4},"end":{"line":55,"column":81}},"25":{"start":{"line":58,"column":15},"end":{"line":58,"column":29}},"26":{"start":{"line":59,"column":19},"end":{"line":59,"column":68}},"27":{"start":{"line":59,"column":42},"end":{"line":59,"column":67}},"28":{"start":{"line":60,"column":2},"end":{"line":68,"column":3}},"29":{"start":{"line":61,"column":19},"end":{"line":61,"column":47}},"30":{"start":{"line":62,"column":4},"end":{"line":64,"column":5}},"31":{"start":{"line":63,"column":6},"end":{"line":63,"column":69}},"32":{"start":{"line":65,"column":4},"end":{"line":65,"column":31}},"33":{"start":{"line":67,"column":4},"end":{"line":67,"column":72}},"34":{"start":{"line":69,"column":2},"end":{"line":69,"column":30}},"35":{"start":{"line":70,"column":2},"end":{"line":70,"column":25}},"36":{"start":{"line":81,"column":2},"end":{"line":81,"column":71}},"37":{"start":{"line":81,"column":33},"end":{"line":81,"column":71}},"38":{"start":{"line":82,"column":2},"end":{"line":82,"column":77}},"39":{"start":{"line":82,"column":36},"end":{"line":82,"column":77}},"40":{"start":{"line":83,"column":2},"end":{"line":83,"column":98}},"41":{"start":{"line":83,"column":39},"end":{"line":83,"column":98}},"42":{"start":{"line":85,"column":15},"end":{"line":85,"column":29}},"43":{"start":{"line":86,"column":2},"end":{"line":86,"column":67}},"44":{"start":{"line":86,"column":13},"end":{"line":86,"column":67}},"45":{"start":{"line":88,"column":14},"end":{"line":88,"column":68}},"46":{"start":{"line":88,"column":42},"end":{"line":88,"column":67}},"47":{"start":{"line":89,"column":2},"end":{"line":89,"column":68}},"48":{"start":{"line":89,"column":18},"end":{"line":89,"column":68}},"49":{"start":{"line":91,"column":2},"end":{"line":100,"column":3}},"50":{"start":{"line":92,"column":4},"end":{"line":92,"column":30}},"51":{"start":{"line":94,"column":20},"end":{"line":94,"column":45}},"52":{"start":{"line":95,"column":4},"end":{"line":95,"column":69}},"53":{"start":{"line":95,"column":18},"end":{"line":95,"column":69}},"54":{"start":{"line":96,"column":4},"end":{"line":98,"column":5}},"55":{"start":{"line":97,"column":6},"end":{"line":97,"column":69}},"56":{"start":{"line":99,"column":4},"end":{"line":99,"column":40}},"57":{"start":{"line":101,"column":2},"end":{"line":101,"column":30}},"58":{"start":{"line":102,"column":2},"end":{"line":102,"column":25}},"59":{"start":{"line":112,"column":2},"end":{"line":112,"column":46}},"60":{"start":{"line":121,"column":2},"end":{"line":121,"column":71}},"61":{"start":{"line":121,"column":33},"end":{"line":121,"column":71}},"62":{"start":{"line":122,"column":15},"end":{"line":122,"column":29}},"63":{"start":{"line":123,"column":2},"end":{"line":123,"column":67}},"64":{"start":{"line":123,"column":13},"end":{"line":123,"column":67}},"65":{"start":{"line":124,"column":2},"end":{"line":124,"column":18}},"66":{"start":{"line":125,"column":2},"end":{"line":125,"column":30}},"67":{"start":{"line":126,"column":2},"end":{"line":126,"column":25}},"68":{"start":{"line":135,"column":2},"end":{"line":135,"column":71}},"69":{"start":{"line":135,"column":33},"end":{"line":135,"column":71}},"70":{"start":{"line":136,"column":15},"end":{"line":136,"column":29}},"71":{"start":{"line":137,"column":2},"end":{"line":137,"column":22}},"72":{"start":{"line":137,"column":13},"end":{"line":137,"column":22}},"73":{"start":{"line":138,"column":16},"end":{"line":138,"column":90}},"74":{"start":{"line":138,"column":49},"end":{"line":138,"column":86}},"75":{"start":{"line":139,"column":2},"end":{"line":139,"column":39}},"76":{"start":{"line":143,"column":2},"end":{"line":143,"column":41}},"77":{"start":{"line":146,"column":0},"end":{"line":154,"column":2}}},"fnMap":{"0":{"name":"_reset","decl":{"start":{"line":14,"column":9},"end":{"line":14,"column":15}},"loc":{"start":{"line":14,"column":18},"end":{"line":18,"column":1}},"line":14},"1":{"name":"getCart","decl":{"start":{"line":25,"column":9},"end":{"line":25,"column":16}},"loc":{"start":{"line":25,"column":25},"end":{"line":31,"column":1}},"line":25},"2":{"name":"addToCart","decl":{"start":{"line":40,"column":9},"end":{"line":40,"column":18}},"loc":{"start":{"line":40,"column":52},"end":{"line":71,"column":1}},"line":40},"3":{"name":"(anonymous_3)","decl":{"start":{"line":59,"column":35},"end":{"line":59,"column":36}},"loc":{"start":{"line":59,"column":42},"end":{"line":59,"column":67}},"line":59},"4":{"name":"updateCartItem","decl":{"start":{"line":80,"column":9},"end":{"line":80,"column":23}},"loc":{"start":{"line":80,"column":53},"end":{"line":103,"column":1}},"line":80},"5":{"name":"(anonymous_5)","decl":{"start":{"line":88,"column":35},"end":{"line":88,"column":36}},"loc":{"start":{"line":88,"column":42},"end":{"line":88,"column":67}},"line":88},"6":{"name":"removeFromCart","decl":{"start":{"line":111,"column":9},"end":{"line":111,"column":23}},"loc":{"start":{"line":111,"column":43},"end":{"line":113,"column":1}},"line":111},"7":{"name":"clearCart","decl":{"start":{"line":120,"column":9},"end":{"line":120,"column":18}},"loc":{"start":{"line":120,"column":27},"end":{"line":127,"column":1}},"line":120},"8":{"name":"getCartTotal","decl":{"start":{"line":134,"column":9},"end":{"line":134,"column":21}},"loc":{"start":{"line":134,"column":30},"end":{"line":140,"column":1}},"line":134},"9":{"name":"(anonymous_9)","decl":{"start":{"line":138,"column":34},"end":{"line":138,"column":35}},"loc":{"start":{"line":138,"column":49},"end":{"line":138,"column":86}},"line":138},"10":{"name":"_deepCopy","decl":{"start":{"line":142,"column":9},"end":{"line":142,"column":18}},"loc":{"start":{"line":142,"column":24},"end":{"line":144,"column":1}},"line":142}},"branchMap":{"0":{"loc":{"start":{"line":26,"column":2},"end":{"line":26,"column":71}},"type":"if","locations":[{"start":{"line":26,"column":2},"end":{"line":26,"column":71}},{"start":{},"end":{}}],"line":26},"1":{"loc":{"start":{"line":27,"column":2},"end":{"line":29,"column":3}},"type":"if","locations":[{"start":{"line":27,"column":2},"end":{"line":29,"column":3}},{"start":{},"end":{}}],"line":27},"2":{"loc":{"start":{"line":40,"column":38},"end":{"line":40,"column":50}},"type":"default-arg","locations":[{"start":{"line":40,"column":49},"end":{"line":40,"column":50}}],"line":40},"3":{"loc":{"start":{"line":41,"column":2},"end":{"line":41,"column":71}},"type":"if","locations":[{"start":{"line":41,"column":2},"end":{"line":41,"column":71}},{"start":{},"end":{}}],"line":41},"4":{"loc":{"start":{"line":42,"column":2},"end":{"line":42,"column":77}},"type":"if","locations":[{"start":{"line":42,"column":2},"end":{"line":42,"column":77}},{"start":{},"end":{}}],"line":42},"5":{"loc":{"start":{"line":43,"column":2},"end":{"line":45,"column":3}},"type":"if","locations":[{"start":{"line":43,"column":2},"end":{"line":45,"column":3}},{"start":{},"end":{}}],"line":43},"6":{"loc":{"start":{"line":43,"column":6},"end":{"line":43,"column":55}},"type":"binary-expr","locations":[{"start":{"line":43,"column":6},"end":{"line":43,"column":37}},{"start":{"line":43,"column":41},"end":{"line":43,"column":55}}],"line":43},"7":{"loc":{"start":{"line":48,"column":2},"end":{"line":48,"column":67}},"type":"if","locations":[{"start":{"line":48,"column":2},"end":{"line":48,"column":67}},{"start":{},"end":{}}],"line":48},"8":{"loc":{"start":{"line":49,"column":2},"end":{"line":49,"column":81}},"type":"if","locations":[{"start":{"line":49,"column":2},"end":{"line":49,"column":81}},{"start":{},"end":{}}],"line":49},"9":{"loc":{"start":{"line":50,"column":2},"end":{"line":52,"column":3}},"type":"if","locations":[{"start":{"line":50,"column":2},"end":{"line":52,"column":3}},{"start":{},"end":{}}],"line":50},"10":{"loc":{"start":{"line":54,"column":2},"end":{"line":56,"column":3}},"type":"if","locations":[{"start":{"line":54,"column":2},"end":{"line":56,"column":3}},{"start":{},"end":{}}],"line":54},"11":{"loc":{"start":{"line":60,"column":2},"end":{"line":68,"column":3}},"type":"if","locations":[{"start":{"line":60,"column":2},"end":{"line":68,"column":3}},{"start":{"line":66,"column":9},"end":{"line":68,"column":3}}],"line":60},"12":{"loc":{"start":{"line":62,"column":4},"end":{"line":64,"column":5}},"type":"if","locations":[{"start":{"line":62,"column":4},"end":{"line":64,"column":5}},{"start":{},"end":{}}],"line":62},"13":{"loc":{"start":{"line":81,"column":2},"end":{"line":81,"column":71}},"type":"if","locations":[{"start":{"line":81,"column":2},"end":{"line":81,"column":71}},{"start":{},"end":{}}],"line":81},"14":{"loc":{"start":{"line":82,"column":2},"end":{"line":82,"column":77}},"type":"if","locations":[{"start":{"line":82,"column":2},"end":{"line":82,"column":77}},{"start":{},"end":{}}],"line":82},"15":{"loc":{"start":{"line":83,"column":2},"end":{"line":83,"column":98}},"type":"if","locations":[{"start":{"line":83,"column":2},"end":{"line":83,"column":98}},{"start":{},"end":{}}],"line":83},"16":{"loc":{"start":{"line":86,"column":2},"end":{"line":86,"column":67}},"type":"if","locations":[{"start":{"line":86,"column":2},"end":{"line":86,"column":67}},{"start":{},"end":{}}],"line":86},"17":{"loc":{"start":{"line":89,"column":2},"end":{"line":89,"column":68}},"type":"if","locations":[{"start":{"line":89,"column":2},"end":{"line":89,"column":68}},{"start":{},"end":{}}],"line":89},"18":{"loc":{"start":{"line":91,"column":2},"end":{"line":100,"column":3}},"type":"if","locations":[{"start":{"line":91,"column":2},"end":{"line":100,"column":3}},{"start":{"line":93,"column":9},"end":{"line":100,"column":3}}],"line":91},"19":{"loc":{"start":{"line":95,"column":4},"end":{"line":95,"column":69}},"type":"if","locations":[{"start":{"line":95,"column":4},"end":{"line":95,"column":69}},{"start":{},"end":{}}],"line":95},"20":{"loc":{"start":{"line":96,"column":4},"end":{"line":98,"column":5}},"type":"if","locations":[{"start":{"line":96,"column":4},"end":{"line":98,"column":5}},{"start":{},"end":{}}],"line":96},"21":{"loc":{"start":{"line":121,"column":2},"end":{"line":121,"column":71}},"type":"if","locations":[{"start":{"line":121,"column":2},"end":{"line":121,"column":71}},{"start":{},"end":{}}],"line":121},"22":{"loc":{"start":{"line":123,"column":2},"end":{"line":123,"column":67}},"type":"if","locations":[{"start":{"line":123,"column":2},"end":{"line":123,"column":67}},{"start":{},"end":{}}],"line":123},"23":{"loc":{"start":{"line":135,"column":2},"end":{"line":135,"column":71}},"type":"if","locations":[{"start":{"line":135,"column":2},"end":{"line":135,"column":71}},{"start":{},"end":{}}],"line":135},"24":{"loc":{"start":{"line":137,"column":2},"end":{"line":137,"column":22}},"type":"if","locations":[{"start":{"line":137,"column":2},"end":{"line":137,"column":22}},{"start":{},"end":{}}],"line":137}},"s":{"0":2,"1":2,"2":2,"3":62,"4":47,"5":32,"6":1,"7":31,"8":4,"9":31,"10":75,"11":1,"12":74,"13":1,"14":73,"15":2,"16":71,"17":71,"18":1,"19":70,"20":1,"21":69,"22":1,"23":68,"24":43,"25":68,"26":68,"27":24,"28":68,"29":3,"30":3,"31":1,"32":2,"33":65,"34":67,"35":67,"36":12,"37":1,"38":11,"39":1,"40":10,"41":2,"42":8,"43":8,"44":1,"45":7,"46":7,"47":7,"48":1,"49":6,"50":3,"51":3,"52":3,"53":1,"54":2,"55":1,"56":1,"57":4,"58":4,"59":2,"60":25,"61":1,"62":24,"63":24,"64":1,"65":23,"66":23,"67":23,"68":27,"69":1,"70":26,"71":26,"72":1,"73":25,"74":42,"75":25,"76":125,"77":2},"f":{"0":62,"1":32,"2":75,"3":24,"4":12,"5":7,"6":2,"7":25,"8":27,"9":42,"10":125},"b":{"0":[1,31],"1":[4,27],"2":[1],"3":[1,74],"4":[1,73],"5":[2,71],"6":[73,72],"7":[1,70],"8":[1,69],"9":[1,68],"10":[43,25],"11":[3,65],"12":[1,2],"13":[1,11],"14":[1,10],"15":[2,8],"16":[1,7],"17":[1,6],"18":[3,3],"19":[1,2],"20":[1,1],"21":[1,24],"22":[1,23],"23":[1,26],"24":[1,25]},"_coverageSchema":"1a1c01bbd47fc00a2c39e90264f33305004495a9","hash":"4e47205e81f69b5c267c64f606a1ccd48a59d173"}
,"/home/runner/work/verbose-spoon/verbose-spoon/src/orders.js": {"path":"/home/runner/work/verbose-spoon/verbose-spoon/src/orders.js","statementMap":{"0":{"start":{"line":3,"column":63},"end":{"line":3,"column":81}},"1":{"start":{"line":4,"column":45},"end":{"line":4,"column":62}},"2":{"start":{"line":5,"column":25},"end":{"line":5,"column":46}},"3":{"start":{"line":7,"column":16},"end":{"line":7,"column":17}},"4":{"start":{"line":13,"column":16},"end":{"line":13,"column":18}},"5":{"start":{"line":15,"column":17},"end":{"line":15,"column":21}},"6":{"start":{"line":18,"column":15},"end":{"line":24,"column":1}},"7":{"start":{"line":30,"column":2},"end":{"line":32,"column":3}},"8":{"start":{"line":31,"column":4},"end":{"line":31,"column":24}},"9":{"start":{"line":33,"column":2},"end":{"line":33,"column":16}},"10":{"start":{"line":43,"column":2},"end":{"line":43,"column":71}},"11":{"start":{"line":43,"column":33},"end":{"line":43,"column":71}},"12":{"start":{"line":45,"column":15},"end":{"line":45,"column":30}},"13":{"start":{"line":46,"column":2},"end":{"line":46,"column":84}},"14":{"start":{"line":46,"column":31},"end":{"line":46,"column":84}},"15":{"start":{"line":49,"column":19},"end":{"line":49,"column":21}},"16":{"start":{"line":50,"column":2},"end":{"line":58,"column":3}},"17":{"start":{"line":51,"column":4},"end":{"line":54,"column":5}},"18":{"start":{"line":52,"column":6},"end":{"line":52,"column":50}},"19":{"start":{"line":53,"column":6},"end":{"line":53,"column":26}},"20":{"start":{"line":57,"column":4},"end":{"line":57,"column":14}},"21":{"start":{"line":60,"column":19},"end":{"line":60,"column":39}},"22":{"start":{"line":61,"column":14},"end":{"line":61,"column":57}},"23":{"start":{"line":62,"column":16},"end":{"line":62,"column":56}},"24":{"start":{"line":64,"column":2},"end":{"line":64,"column":17}},"25":{"start":{"line":65,"column":16},"end":{"line":75,"column":3}},"26":{"start":{"line":68,"column":34},"end":{"line":68,"column":42}},"27":{"start":{"line":77,"column":2},"end":{"line":77,"column":28}},"28":{"start":{"line":78,"column":2},"end":{"line":78,"column":20}},"29":{"start":{"line":80,"column":2},"end":{"line":80,"column":65}},"30":{"start":{"line":80,"column":52},"end":{"line":80,"column":60}},"31":{"start":{"line":89,"column":16},"end":{"line":89,"column":32}},"32":{"start":{"line":90,"column":2},"end":{"line":90,"column":26}},"33":{"start":{"line":90,"column":14},"end":{"line":90,"column":26}},"34":{"start":{"line":91,"column":2},"end":{"line":91,"column":65}},"35":{"start":{"line":91,"column":52},"end":{"line":91,"column":60}},"36":{"start":{"line":100,"column":2},"end":{"line":100,"column":71}},"37":{"start":{"line":100,"column":33},"end":{"line":100,"column":71}},"38":{"start":{"line":101,"column":2},"end":{"line":103,"column":67}},"39":{"start":{"line":102,"column":19},"end":{"line":102,"column":38}},"40":{"start":{"line":103,"column":17},"end":{"line":103,"column":64}},"41":{"start":{"line":103,"column":52},"end":{"line":103,"column":60}},"42":{"start":{"line":115,"column":2},"end":{"line":115,"column":73}},"43":{"start":{"line":115,"column":34},"end":{"line":115,"column":73}},"44":{"start":{"line":116,"column":2},"end":{"line":118,"column":3}},"45":{"start":{"line":117,"column":4},"end":{"line":117,"column":52}},"46":{"start":{"line":120,"column":16},"end":{"line":120,"column":32}},"47":{"start":{"line":121,"column":2},"end":{"line":121,"column":61}},"48":{"start":{"line":121,"column":14},"end":{"line":121,"column":61}},"49":{"start":{"line":123,"column":29},"end":{"line":129,"column":3}},"50":{"start":{"line":131,"column":18},"end":{"line":131,"column":50}},"51":{"start":{"line":132,"column":2},"end":{"line":134,"column":3}},"52":{"start":{"line":133,"column":4},"end":{"line":133,"column":88}},"53":{"start":{"line":136,"column":2},"end":{"line":136,"column":27}},"54":{"start":{"line":137,"column":2},"end":{"line":137,"column":45}},"55":{"start":{"line":138,"column":2},"end":{"line":138,"column":65}},"56":{"start":{"line":138,"column":52},"end":{"line":138,"column":60}},"57":{"start":{"line":141,"column":0},"end":{"line":149,"column":2}}},"fnMap":{"0":{"name":"_reset","decl":{"start":{"line":29,"column":9},"end":{"line":29,"column":15}},"loc":{"start":{"line":29,"column":18},"end":{"line":34,"column":1}},"line":29},"1":{"name":"placeOrder","decl":{"start":{"line":42,"column":9},"end":{"line":42,"column":19}},"loc":{"start":{"line":42,"column":28},"end":{"line":81,"column":1}},"line":42},"2":{"name":"(anonymous_2)","decl":{"start":{"line":68,"column":26},"end":{"line":68,"column":27}},"loc":{"start":{"line":68,"column":34},"end":{"line":68,"column":42}},"line":68},"3":{"name":"(anonymous_3)","decl":{"start":{"line":80,"column":44},"end":{"line":80,"column":45}},"loc":{"start":{"line":80,"column":52},"end":{"line":80,"column":60}},"line":80},"4":{"name":"getOrder","decl":{"start":{"line":88,"column":9},"end":{"line":88,"column":17}},"loc":{"start":{"line":88,"column":27},"end":{"line":92,"column":1}},"line":88},"5":{"name":"(anonymous_5)","decl":{"start":{"line":91,"column":44},"end":{"line":91,"column":45}},"loc":{"start":{"line":91,"column":52},"end":{"line":91,"column":60}},"line":91},"6":{"name":"listOrdersByUser","decl":{"start":{"line":99,"column":9},"end":{"line":99,"column":25}},"loc":{"start":{"line":99,"column":34},"end":{"line":104,"column":1}},"line":99},"7":{"name":"(anonymous_7)","decl":{"start":{"line":102,"column":12},"end":{"line":102,"column":13}},"loc":{"start":{"line":102,"column":19},"end":{"line":102,"column":38}},"line":102},"8":{"name":"(anonymous_8)","decl":{"start":{"line":103,"column":9},"end":{"line":103,"column":10}},"loc":{"start":{"line":103,"column":17},"end":{"line":103,"column":64}},"line":103},"9":{"name":"(anonymous_9)","decl":{"start":{"line":103,"column":44},"end":{"line":103,"column":45}},"loc":{"start":{"line":103,"column":52},"end":{"line":103,"column":60}},"line":103},"10":{"name":"updateOrderStatus","decl":{"start":{"line":114,"column":9},"end":{"line":114,"column":26}},"loc":{"start":{"line":114,"column":47},"end":{"line":139,"column":1}},"line":114},"11":{"name":"(anonymous_11)","decl":{"start":{"line":138,"column":44},"end":{"line":138,"column":45}},"loc":{"start":{"line":138,"column":52},"end":{"line":138,"column":60}},"line":138}},"branchMap":{"0":{"loc":{"start":{"line":43,"column":2},"end":{"line":43,"column":71}},"type":"if","locations":[{"start":{"line":43,"column":2},"end":{"line":43,"column":71}},{"start":{},"end":{}}],"line":43},"1":{"loc":{"start":{"line":46,"column":2},"end":{"line":46,"column":84}},"type":"if","locations":[{"start":{"line":46,"column":2},"end":{"line":46,"column":84}},{"start":{},"end":{}}],"line":46},"2":{"loc":{"start":{"line":90,"column":2},"end":{"line":90,"column":26}},"type":"if","locations":[{"start":{"line":90,"column":2},"end":{"line":90,"column":26}},{"start":{},"end":{}}],"line":90},"3":{"loc":{"start":{"line":100,"column":2},"end":{"line":100,"column":71}},"type":"if","locations":[{"start":{"line":100,"column":2},"end":{"line":100,"column":71}},{"start":{},"end":{}}],"line":100},"4":{"loc":{"start":{"line":115,"column":2},"end":{"line":115,"column":73}},"type":"if","locations":[{"start":{"line":115,"column":2},"end":{"line":115,"column":73}},{"start":{},"end":{}}],"line":115},"5":{"loc":{"start":{"line":116,"column":2},"end":{"line":118,"column":3}},"type":"if","locations":[{"start":{"line":116,"column":2},"end":{"line":118,"column":3}},{"start":{},"end":{}}],"line":116},"6":{"loc":{"start":{"line":121,"column":2},"end":{"line":121,"column":61}},"type":"if","locations":[{"start":{"line":121,"column":2},"end":{"line":121,"column":61}},{"start":{},"end":{}}],"line":121},"7":{"loc":{"start":{"line":132,"column":2},"end":{"line":134,"column":3}},"type":"if","locations":[{"start":{"line":132,"column":2},"end":{"line":134,"column":3}},{"start":{},"end":{}}],"line":132}},"s":{"0":1,"1":1,"2":1,"3":1,"4":1,"5":1,"6":1,"7":26,"8":22,"9":26,"10":25,"11":1,"12":24,"13":24,"14":1,"15":23,"16":23,"17":23,"18":40,"19":39,"20":1,"21":22,"22":22,"23":22,"24":22,"25":22,"26":39,"27":22,"28":22,"29":22,"30":39,"31":4,"32":4,"33":1,"34":3,"35":6,"36":4,"37":1,"38":3,"39":4,"40":3,"41":4,"42":21,"43":1,"44":20,"45":1,"46":19,"47":19,"48":1,"49":18,"50":18,"51":18,"52":3,"53":15,"54":15,"55":15,"56":30,"57":1},"f":{"0":26,"1":25,"2":39,"3":39,"4":4,"5":6,"6":4,"7":4,"8":3,"9":4,"10":21,"11":30},"b":{"0":[1,24],"1":[1,23],"2":[1,3],"3":[1,3],"4":[1,20],"5":[1,19],"6":[1,18],"7":[3,15]},"_coverageSchema":"1a1c01bbd47fc00a2c39e90264f33305004495a9","hash":"45e4b6be50f2da972af8c389e9b10f37adbe60e9"}
,"/home/runner/work/verbose-spoon/verbose-spoon/src/products.js": {"path":"/home/runner/work/verbose-spoon/verbose-spoon/src/products.js","statementMap":{"0":{"start":{"line":3,"column":81},"end":{"line":3,"column":99}},"1":{"start":{"line":5,"column":16},"end":{"line":5,"column":17}},"2":{"start":{"line":11,"column":18},"end":{"line":11,"column":20}},"3":{"start":{"line":17,"column":2},"end":{"line":17,"column":23}},"4":{"start":{"line":18,"column":2},"end":{"line":18,"column":16}},"5":{"start":{"line":27,"column":2},"end":{"line":27,"column":67}},"6":{"start":{"line":27,"column":31},"end":{"line":27,"column":67}},"7":{"start":{"line":28,"column":2},"end":{"line":28,"column":81}},"8":{"start":{"line":28,"column":38},"end":{"line":28,"column":81}},"9":{"start":{"line":29,"column":2},"end":{"line":29,"column":83}},"10":{"start":{"line":29,"column":32},"end":{"line":29,"column":83}},"11":{"start":{"line":30,"column":2},"end":{"line":30,"column":75}},"12":{"start":{"line":30,"column":35},"end":{"line":30,"column":75}},"13":{"start":{"line":31,"column":2},"end":{"line":31,"column":92}},"14":{"start":{"line":31,"column":36},"end":{"line":31,"column":92}},"15":{"start":{"line":33,"column":2},"end":{"line":33,"column":17}},"16":{"start":{"line":34,"column":18},"end":{"line":42,"column":3}},"17":{"start":{"line":43,"column":2},"end":{"line":43,"column":26}},"18":{"start":{"line":44,"column":2},"end":{"line":44,"column":24}},"19":{"start":{"line":53,"column":16},"end":{"line":53,"column":50}},"20":{"start":{"line":53,"column":38},"end":{"line":53,"column":49}},"21":{"start":{"line":54,"column":2},"end":{"line":54,"column":37}},"22":{"start":{"line":63,"column":16},"end":{"line":63,"column":49}},"23":{"start":{"line":63,"column":40},"end":{"line":63,"column":48}},"24":{"start":{"line":64,"column":2},"end":{"line":67,"column":3}},"25":{"start":{"line":65,"column":16},"end":{"line":65,"column":45}},"26":{"start":{"line":66,"column":4},"end":{"line":66,"column":56}},"27":{"start":{"line":66,"column":36},"end":{"line":66,"column":54}},"28":{"start":{"line":68,"column":2},"end":{"line":68,"column":40}},"29":{"start":{"line":68,"column":29},"end":{"line":68,"column":37}},"30":{"start":{"line":78,"column":14},"end":{"line":78,"column":53}},"31":{"start":{"line":78,"column":41},"end":{"line":78,"column":52}},"32":{"start":{"line":79,"column":2},"end":{"line":79,"column":62}},"33":{"start":{"line":79,"column":18},"end":{"line":79,"column":62}},"34":{"start":{"line":81,"column":18},"end":{"line":81,"column":32}},"35":{"start":{"line":83,"column":2},"end":{"line":86,"column":3}},"36":{"start":{"line":84,"column":4},"end":{"line":84,"column":92}},"37":{"start":{"line":84,"column":41},"end":{"line":84,"column":92}},"38":{"start":{"line":85,"column":4},"end":{"line":85,"column":39}},"39":{"start":{"line":87,"column":2},"end":{"line":90,"column":3}},"40":{"start":{"line":88,"column":4},"end":{"line":88,"column":106}},"41":{"start":{"line":88,"column":48},"end":{"line":88,"column":106}},"42":{"start":{"line":89,"column":4},"end":{"line":89,"column":53}},"43":{"start":{"line":91,"column":2},"end":{"line":94,"column":3}},"44":{"start":{"line":92,"column":4},"end":{"line":92,"column":93}},"45":{"start":{"line":92,"column":42},"end":{"line":92,"column":93}},"46":{"start":{"line":93,"column":4},"end":{"line":93,"column":34}},"47":{"start":{"line":95,"column":2},"end":{"line":98,"column":3}},"48":{"start":{"line":96,"column":4},"end":{"line":96,"column":100}},"49":{"start":{"line":96,"column":45},"end":{"line":96,"column":100}},"50":{"start":{"line":97,"column":4},"end":{"line":97,"column":61}},"51":{"start":{"line":99,"column":2},"end":{"line":102,"column":3}},"52":{"start":{"line":100,"column":4},"end":{"line":100,"column":102}},"53":{"start":{"line":100,"column":46},"end":{"line":100,"column":102}},"54":{"start":{"line":101,"column":4},"end":{"line":101,"column":34}},"55":{"start":{"line":103,"column":2},"end":{"line":105,"column":3}},"56":{"start":{"line":104,"column":4},"end":{"line":104,"column":45}},"57":{"start":{"line":107,"column":2},"end":{"line":107,"column":24}},"58":{"start":{"line":116,"column":2},"end":{"line":116,"column":46}},"59":{"start":{"line":127,"column":2},"end":{"line":129,"column":3}},"60":{"start":{"line":128,"column":4},"end":{"line":128,"column":59}},"61":{"start":{"line":130,"column":14},"end":{"line":130,"column":53}},"62":{"start":{"line":130,"column":41},"end":{"line":130,"column":52}},"63":{"start":{"line":131,"column":2},"end":{"line":131,"column":62}},"64":{"start":{"line":131,"column":18},"end":{"line":131,"column":62}},"65":{"start":{"line":132,"column":18},"end":{"line":132,"column":32}},"66":{"start":{"line":133,"column":2},"end":{"line":135,"column":3}},"67":{"start":{"line":134,"column":4},"end":{"line":134,"column":111}},"68":{"start":{"line":136,"column":2},"end":{"line":136,"column":28}},"69":{"start":{"line":137,"column":2},"end":{"line":137,"column":24}},"70":{"start":{"line":140,"column":0},"end":{"line":148,"column":2}}},"fnMap":{"0":{"name":"_reset","decl":{"start":{"line":16,"column":9},"end":{"line":16,"column":15}},"loc":{"start":{"line":16,"column":18},"end":{"line":19,"column":1}},"line":16},"1":{"name":"createProduct","decl":{"start":{"line":26,"column":9},"end":{"line":26,"column":22}},"loc":{"start":{"line":26,"column":79},"end":{"line":45,"column":1}},"line":26},"2":{"name":"getProductById","decl":{"start":{"line":52,"column":9},"end":{"line":52,"column":23}},"loc":{"start":{"line":52,"column":28},"end":{"line":55,"column":1}},"line":52},"3":{"name":"(anonymous_3)","decl":{"start":{"line":53,"column":31},"end":{"line":53,"column":32}},"loc":{"start":{"line":53,"column":38},"end":{"line":53,"column":49}},"line":53},"4":{"name":"listProducts","decl":{"start":{"line":62,"column":9},"end":{"line":62,"column":21}},"loc":{"start":{"line":62,"column":41},"end":{"line":69,"column":1}},"line":62},"5":{"name":"(anonymous_5)","decl":{"start":{"line":63,"column":33},"end":{"line":63,"column":34}},"loc":{"start":{"line":63,"column":40},"end":{"line":63,"column":48}},"line":63},"6":{"name":"(anonymous_6)","decl":{"start":{"line":66,"column":29},"end":{"line":66,"column":30}},"loc":{"start":{"line":66,"column":36},"end":{"line":66,"column":54}},"line":66},"7":{"name":"(anonymous_7)","decl":{"start":{"line":68,"column":21},"end":{"line":68,"column":22}},"loc":{"start":{"line":68,"column":29},"end":{"line":68,"column":37}},"line":68},"8":{"name":"updateProduct","decl":{"start":{"line":77,"column":9},"end":{"line":77,"column":22}},"loc":{"start":{"line":77,"column":41},"end":{"line":108,"column":1}},"line":77},"9":{"name":"(anonymous_9)","decl":{"start":{"line":78,"column":34},"end":{"line":78,"column":35}},"loc":{"start":{"line":78,"column":41},"end":{"line":78,"column":52}},"line":78},"10":{"name":"deleteProduct","decl":{"start":{"line":115,"column":9},"end":{"line":115,"column":22}},"loc":{"start":{"line":115,"column":27},"end":{"line":117,"column":1}},"line":115},"11":{"name":"reserveStock","decl":{"start":{"line":126,"column":9},"end":{"line":126,"column":21}},"loc":{"start":{"line":126,"column":36},"end":{"line":138,"column":1}},"line":126},"12":{"name":"(anonymous_12)","decl":{"start":{"line":130,"column":34},"end":{"line":130,"column":35}},"loc":{"start":{"line":130,"column":41},"end":{"line":130,"column":52}},"line":130}},"branchMap":{"0":{"loc":{"start":{"line":26,"column":23},"end":{"line":26,"column":77}},"type":"default-arg","locations":[{"start":{"line":26,"column":75},"end":{"line":26,"column":77}}],"line":26},"1":{"loc":{"start":{"line":26,"column":61},"end":{"line":26,"column":70}},"type":"default-arg","locations":[{"start":{"line":26,"column":69},"end":{"line":26,"column":70}}],"line":26},"2":{"loc":{"start":{"line":27,"column":2},"end":{"line":27,"column":67}},"type":"if","locations":[{"start":{"line":27,"column":2},"end":{"line":27,"column":67}},{"start":{},"end":{}}],"line":27},"3":{"loc":{"start":{"line":28,"column":2},"end":{"line":28,"column":81}},"type":"if","locations":[{"start":{"line":28,"column":2},"end":{"line":28,"column":81}},{"start":{},"end":{}}],"line":28},"4":{"loc":{"start":{"line":29,"column":2},"end":{"line":29,"column":83}},"type":"if","locations":[{"start":{"line":29,"column":2},"end":{"line":29,"column":83}},{"start":{},"end":{}}],"line":29},"5":{"loc":{"start":{"line":30,"column":2},"end":{"line":30,"column":75}},"type":"if","locations":[{"start":{"line":30,"column":2},"end":{"line":30,"column":75}},{"start":{},"end":{}}],"line":30},"6":{"loc":{"start":{"line":31,"column":2},"end":{"line":31,"column":92}},"type":"if","locations":[{"start":{"line":31,"column":2},"end":{"line":31,"column":92}},{"start":{},"end":{}}],"line":31},"7":{"loc":{"start":{"line":54,"column":9},"end":{"line":54,"column":36}},"type":"cond-expr","locations":[{"start":{"line":54,"column":17},"end":{"line":54,"column":29}},{"start":{"line":54,"column":32},"end":{"line":54,"column":36}}],"line":54},"8":{"loc":{"start":{"line":62,"column":22},"end":{"line":62,"column":39}},"type":"default-arg","locations":[{"start":{"line":62,"column":37},"end":{"line":62,"column":39}}],"line":62},"9":{"loc":{"start":{"line":64,"column":2},"end":{"line":67,"column":3}},"type":"if","locations":[{"start":{"line":64,"column":2},"end":{"line":67,"column":3}},{"start":{},"end":{}}],"line":64},"10":{"loc":{"start":{"line":77,"column":27},"end":{"line":77,"column":39}},"type":"default-arg","locations":[{"start":{"line":77,"column":37},"end":{"line":77,"column":39}}],"line":77},"11":{"loc":{"start":{"line":79,"column":2},"end":{"line":79,"column":62}},"type":"if","locations":[{"start":{"line":79,"column":2},"end":{"line":79,"column":62}},{"start":{},"end":{}}],"line":79},"12":{"loc":{"start":{"line":83,"column":2},"end":{"line":86,"column":3}},"type":"if","locations":[{"start":{"line":83,"column":2},"end":{"line":86,"column":3}},{"start":{},"end":{}}],"line":83},"13":{"loc":{"start":{"line":84,"column":4},"end":{"line":84,"column":92}},"type":"if","locations":[{"start":{"line":84,"column":4},"end":{"line":84,"column":92}},{"start":{},"end":{}}],"line":84},"14":{"loc":{"start":{"line":87,"column":2},"end":{"line":90,"column":3}},"type":"if","locations":[{"start":{"line":87,"column":2},"end":{"line":90,"column":3}},{"start":{},"end":{}}],"line":87},"15":{"loc":{"start":{"line":88,"column":4},"end":{"line":88,"column":106}},"type":"if","locations":[{"start":{"line":88,"column":4},"end":{"line":88,"column":106}},{"start":{},"end":{}}],"line":88},"16":{"loc":{"start":{"line":91,"column":2},"end":{"line":94,"column":3}},"type":"if","locations":[{"start":{"line":91,"column":2},"end":{"line":94,"column":3}},{"start":{},"end":{}}],"line":91},"17":{"loc":{"start":{"line":92,"column":4},"end":{"line":92,"column":93}},"type":"if","locations":[{"start":{"line":92,"column":4},"end":{"line":92,"column":93}},{"start":{},"end":{}}],"line":92},"18":{"loc":{"start":{"line":95,"column":2},"end":{"line":98,"column":3}},"type":"if","locations":[{"start":{"line":95,"column":2},"end":{"line":98,"column":3}},{"start":{},"end":{}}],"line":95},"19":{"loc":{"start":{"line":96,"column":4},"end":{"line":96,"column":100}},"type":"if","locations":[{"start":{"line":96,"column":4},"end":{"line":96,"column":100}},{"start":{},"end":{}}],"line":96},"20":{"loc":{"start":{"line":99,"column":2},"end":{"line":102,"column":3}},"type":"if","locations":[{"start":{"line":99,"column":2},"end":{"line":102,"column":3}},{"start":{},"end":{}}],"line":99},"21":{"loc":{"start":{"line":100,"column":4},"end":{"line":100,"column":102}},"type":"if","locations":[{"start":{"line":100,"column":4},"end":{"line":100,"column":102}},{"start":{},"end":{}}],"line":100},"22":{"loc":{"start":{"line":103,"column":2},"end":{"line":105,"column":3}},"type":"if","locations":[{"start":{"line":103,"column":2},"end":{"line":105,"column":3}},{"start":{},"end":{}}],"line":103},"23":{"loc":{"start":{"line":127,"column":2},"end":{"line":129,"column":3}},"type":"if","locations":[{"start":{"line":127,"column":2},"end":{"line":129,"column":3}},{"start":{},"end":{}}],"line":127},"24":{"loc":{"start":{"line":127,"column":6},"end":{"line":127,"column":55}},"type":"binary-expr","locations":[{"start":{"line":127,"column":6},"end":{"line":127,"column":37}},{"start":{"line":127,"column":41},"end":{"line":127,"column":55}}],"line":127},"25":{"loc":{"start":{"line":131,"column":2},"end":{"line":131,"column":62}},"type":"if","locations":[{"start":{"line":131,"column":2},"end":{"line":131,"column":62}},{"start":{},"end":{}}],"line":131},"26":{"loc":{"start":{"line":133,"column":2},"end":{"line":135,"column":3}},"type":"if","locations":[{"start":{"line":133,"column":2},"end":{"line":135,"column":3}},{"start":{},"end":{}}],"line":133}},"s":{"0":3,"1":3,"2":3,"3":109,"4":109,"5":170,"6":3,"7":167,"8":1,"9":166,"10":2,"11":164,"12":1,"13":163,"14":2,"15":161,"16":161,"17":161,"18":161,"19":80,"20":109,"21":80,"22":7,"23":8,"24":7,"25":3,"26":3,"27":4,"28":7,"29":4,"30":19,"31":18,"32":19,"33":1,"34":18,"35":18,"36":3,"37":1,"38":2,"39":17,"40":2,"41":1,"42":1,"43":16,"44":3,"45":1,"46":2,"47":15,"48":2,"49":1,"50":1,"51":14,"52":2,"53":1,"54":1,"55":13,"56":5,"57":13,"58":5,"59":47,"60":3,"61":44,"62":66,"63":44,"64":1,"65":43,"66":43,"67":2,"68":41,"69":41,"70":3},"f":{"0":109,"1":170,"2":80,"3":109,"4":7,"5":8,"6":4,"7":4,"8":19,"9":18,"10":5,"11":47,"12":66},"b":{"0":[1],"1":[35],"2":[3,167],"3":[1,166],"4":[2,164],"5":[1,163],"6":[2,161],"7":[77,3],"8":[4],"9":[3,4],"10":[1],"11":[1,18],"12":[3,15],"13":[1,2],"14":[2,15],"15":[1,1],"16":[3,13],"17":[1,2],"18":[2,13],"19":[1,1],"20":[2,12],"21":[1,1],"22":[5,8],"23":[3,44],"24":[47,45],"25":[1,43],"26":[2,41]},"_coverageSchema":"1a1c01bbd47fc00a2c39e90264f33305004495a9","hash":"2192f50a1583e9061974acfec949cdbffdfee792"}
,"/home/runner/work/verbose-spoon/verbose-spoon/src/users.js": {"path":"/home/runner/work/verbose-spoon/verbose-spoon/src/users.js","statementMap":{"0":{"start":{"line":3,"column":55},"end":{"line":3,"column":73}},"1":{"start":{"line":5,"column":16},"end":{"line":5,"column":17}},"2":{"start":{"line":11,"column":15},"end":{"line":11,"column":17}},"3":{"start":{"line":14,"column":14},"end":{"line":17,"column":1}},"4":{"start":{"line":23,"column":2},"end":{"line":25,"column":3}},"5":{"start":{"line":24,"column":4},"end":{"line":24,"column":23}},"6":{"start":{"line":26,"column":2},"end":{"line":26,"column":16}},"7":{"start":{"line":35,"column":2},"end":{"line":35,"column":67}},"8":{"start":{"line":35,"column":31},"end":{"line":35,"column":67}},"9":{"start":{"line":36,"column":2},"end":{"line":36,"column":71}},"10":{"start":{"line":36,"column":28},"end":{"line":36,"column":71}},"11":{"start":{"line":37,"column":2},"end":{"line":37,"column":85}},"12":{"start":{"line":37,"column":44},"end":{"line":37,"column":85}},"13":{"start":{"line":40,"column":19},"end":{"line":42,"column":3}},"14":{"start":{"line":41,"column":11},"end":{"line":41,"column":63}},"15":{"start":{"line":43,"column":2},"end":{"line":43,"column":66}},"16":{"start":{"line":43,"column":16},"end":{"line":43,"column":66}},"17":{"start":{"line":45,"column":2},"end":{"line":45,"column":17}},"18":{"start":{"line":46,"column":15},"end":{"line":53,"column":3}},"19":{"start":{"line":54,"column":2},"end":{"line":54,"column":25}},"20":{"start":{"line":55,"column":2},"end":{"line":55,"column":21}},"21":{"start":{"line":64,"column":15},"end":{"line":64,"column":29}},"22":{"start":{"line":65,"column":2},"end":{"line":65,"column":35}},"23":{"start":{"line":74,"column":2},"end":{"line":74,"column":45}},"24":{"start":{"line":74,"column":33},"end":{"line":74,"column":45}},"25":{"start":{"line":75,"column":16},"end":{"line":77,"column":3}},"26":{"start":{"line":76,"column":11},"end":{"line":76,"column":49}},"27":{"start":{"line":78,"column":2},"end":{"line":78,"column":37}},"28":{"start":{"line":86,"column":2},"end":{"line":88,"column":28}},"29":{"start":{"line":87,"column":19},"end":{"line":87,"column":27}},"30":{"start":{"line":88,"column":17},"end":{"line":88,"column":25}},"31":{"start":{"line":98,"column":2},"end":{"line":98,"column":71}},"32":{"start":{"line":98,"column":33},"end":{"line":98,"column":71}},"33":{"start":{"line":99,"column":15},"end":{"line":99,"column":29}},"34":{"start":{"line":100,"column":2},"end":{"line":100,"column":58}},"35":{"start":{"line":100,"column":13},"end":{"line":100,"column":58}},"36":{"start":{"line":102,"column":2},"end":{"line":105,"column":3}},"37":{"start":{"line":103,"column":4},"end":{"line":103,"column":92}},"38":{"start":{"line":103,"column":41},"end":{"line":103,"column":92}},"39":{"start":{"line":104,"column":4},"end":{"line":104,"column":36}},"40":{"start":{"line":106,"column":2},"end":{"line":109,"column":3}},"41":{"start":{"line":107,"column":4},"end":{"line":107,"column":103}},"42":{"start":{"line":107,"column":54},"end":{"line":107,"column":103}},"43":{"start":{"line":108,"column":4},"end":{"line":108,"column":29}},"44":{"start":{"line":110,"column":2},"end":{"line":112,"column":3}},"45":{"start":{"line":111,"column":4},"end":{"line":111,"column":42}},"46":{"start":{"line":113,"column":2},"end":{"line":113,"column":21}},"47":{"start":{"line":122,"column":2},"end":{"line":122,"column":47}},"48":{"start":{"line":125,"column":0},"end":{"line":134,"column":2}}},"fnMap":{"0":{"name":"_reset","decl":{"start":{"line":22,"column":9},"end":{"line":22,"column":15}},"loc":{"start":{"line":22,"column":18},"end":{"line":27,"column":1}},"line":22},"1":{"name":"createUser","decl":{"start":{"line":34,"column":9},"end":{"line":34,"column":19}},"loc":{"start":{"line":34,"column":65},"end":{"line":56,"column":1}},"line":34},"2":{"name":"(anonymous_2)","decl":{"start":{"line":41,"column":4},"end":{"line":41,"column":5}},"loc":{"start":{"line":41,"column":11},"end":{"line":41,"column":63}},"line":41},"3":{"name":"getUserById","decl":{"start":{"line":63,"column":9},"end":{"line":63,"column":20}},"loc":{"start":{"line":63,"column":29},"end":{"line":66,"column":1}},"line":63},"4":{"name":"getUserByEmail","decl":{"start":{"line":73,"column":9},"end":{"line":73,"column":23}},"loc":{"start":{"line":73,"column":31},"end":{"line":79,"column":1}},"line":73},"5":{"name":"(anonymous_5)","decl":{"start":{"line":76,"column":4},"end":{"line":76,"column":5}},"loc":{"start":{"line":76,"column":11},"end":{"line":76,"column":49}},"line":76},"6":{"name":"listUsers","decl":{"start":{"line":85,"column":9},"end":{"line":85,"column":18}},"loc":{"start":{"line":85,"column":21},"end":{"line":89,"column":1}},"line":85},"7":{"name":"(anonymous_7)","decl":{"start":{"line":87,"column":12},"end":{"line":87,"column":13}},"loc":{"start":{"line":87,"column":19},"end":{"line":87,"column":27}},"line":87},"8":{"name":"(anonymous_8)","decl":{"start":{"line":88,"column":9},"end":{"line":88,"column":10}},"loc":{"start":{"line":88,"column":17},"end":{"line":88,"column":25}},"line":88},"9":{"name":"updateUser","decl":{"start":{"line":97,"column":9},"end":{"line":97,"column":19}},"loc":{"start":{"line":97,"column":42},"end":{"line":114,"column":1}},"line":97},"10":{"name":"deactivateUser","decl":{"start":{"line":121,"column":9},"end":{"line":121,"column":23}},"loc":{"start":{"line":121,"column":32},"end":{"line":123,"column":1}},"line":121}},"branchMap":{"0":{"loc":{"start":{"line":34,"column":20},"end":{"line":34,"column":63}},"type":"default-arg","locations":[{"start":{"line":34,"column":61},"end":{"line":34,"column":63}}],"line":34},"1":{"loc":{"start":{"line":34,"column":35},"end":{"line":34,"column":56}},"type":"default-arg","locations":[{"start":{"line":34,"column":42},"end":{"line":34,"column":56}}],"line":34},"2":{"loc":{"start":{"line":35,"column":2},"end":{"line":35,"column":67}},"type":"if","locations":[{"start":{"line":35,"column":2},"end":{"line":35,"column":67}},{"start":{},"end":{}}],"line":35},"3":{"loc":{"start":{"line":36,"column":2},"end":{"line":36,"column":71}},"type":"if","locations":[{"start":{"line":36,"column":2},"end":{"line":36,"column":71}},{"start":{},"end":{}}],"line":36},"4":{"loc":{"start":{"line":37,"column":2},"end":{"line":37,"column":85}},"type":"if","locations":[{"start":{"line":37,"column":2},"end":{"line":37,"column":85}},{"start":{},"end":{}}],"line":37},"5":{"loc":{"start":{"line":43,"column":2},"end":{"line":43,"column":66}},"type":"if","locations":[{"start":{"line":43,"column":2},"end":{"line":43,"column":66}},{"start":{},"end":{}}],"line":43},"6":{"loc":{"start":{"line":65,"column":9},"end":{"line":65,"column":34}},"type":"cond-expr","locations":[{"start":{"line":65,"column":16},"end":{"line":65,"column":27}},{"start":{"line":65,"column":30},"end":{"line":65,"column":34}}],"line":65},"7":{"loc":{"start":{"line":74,"column":2},"end":{"line":74,"column":45}},"type":"if","locations":[{"start":{"line":74,"column":2},"end":{"line":74,"column":45}},{"start":{},"end":{}}],"line":74},"8":{"loc":{"start":{"line":78,"column":9},"end":{"line":78,"column":36}},"type":"cond-expr","locations":[{"start":{"line":78,"column":17},"end":{"line":78,"column":29}},{"start":{"line":78,"column":32},"end":{"line":78,"column":36}}],"line":78},"9":{"loc":{"start":{"line":97,"column":28},"end":{"line":97,"column":40}},"type":"default-arg","locations":[{"start":{"line":97,"column":38},"end":{"line":97,"column":40}}],"line":97},"10":{"loc":{"start":{"line":98,"column":2},"end":{"line":98,"column":71}},"type":"if","locations":[{"start":{"line":98,"column":2},"end":{"line":98,"column":71}},{"start":{},"end":{}}],"line":98},"11":{"loc":{"start":{"line":100,"column":2},"end":{"line":100,"column":58}},"type":"if","locations":[{"start":{"line":100,"column":2},"end":{"line":100,"column":58}},{"start":{},"end":{}}],"line":100},"12":{"loc":{"start":{"line":102,"column":2},"end":{"line":105,"column":3}},"type":"if","locations":[{"start":{"line":102,"column":2},"end":{"line":105,"column":3}},{"start":{},"end":{}}],"line":102},"13":{"loc":{"start":{"line":103,"column":4},"end":{"line":103,"column":92}},"type":"if","locations":[{"start":{"line":103,"column":4},"end":{"line":103,"column":92}},{"start":{},"end":{}}],"line":103},"14":{"loc":{"start":{"line":106,"column":2},"end":{"line":109,"column":3}},"type":"if","locations":[{"start":{"line":106,"column":2},"end":{"line":109,"column":3}},{"start":{},"end":{}}],"line":106},"15":{"loc":{"start":{"line":107,"column":4},"end":{"line":107,"column":103}},"type":"if","locations":[{"start":{"line":107,"column":4},"end":{"line":107,"column":103}},{"start":{},"end":{}}],"line":107},"16":{"loc":{"start":{"line":110,"column":2},"end":{"line":112,"column":3}},"type":"if","locations":[{"start":{"line":110,"column":2},"end":{"line":112,"column":3}},{"start":{},"end":{}}],"line":110}},"s":{"0":1,"1":1,"2":1,"3":1,"4":33,"5":24,"6":33,"7":31,"8":3,"9":28,"10":1,"11":27,"12":1,"13":26,"14":4,"15":26,"16":2,"17":24,"18":24,"19":24,"20":24,"21":5,"22":5,"23":5,"24":2,"25":3,"26":2,"27":3,"28":4,"29":4,"30":2,"31":12,"32":1,"33":11,"34":11,"35":1,"36":10,"37":3,"38":1,"39":2,"40":9,"41":2,"42":1,"43":1,"44":8,"45":4,"46":8,"47":4,"48":1},"f":{"0":33,"1":31,"2":4,"3":5,"4":5,"5":2,"6":4,"7":4,"8":2,"9":12,"10":4},"b":{"0":[1],"1":[29],"2":[3,28],"3":[1,27],"4":[1,26],"5":[2,24],"6":[4,1],"7":[2,3],"8":[2,1],"9":[1],"10":[1,11],"11":[1,10],"12":[3,7],"13":[1,2],"14":[2,7],"15":[1,1],"16":[4,4]},"_coverageSchema":"1a1c01bbd47fc00a2c39e90264f33305004495a9","hash":"ba2191d7b6ce1c08cee7e1300650ae7c34a305a1"}
,"/home/runner/work/verbose-spoon/verbose-spoon/src/utils.js": {"path":"/home/runner/work/verbose-spoon/verbose-spoon/src/utils.js","statementMap":{"0":{"start":{"line":9,"column":2},"end":{"line":9,"column":62}},"1":{"start":{"line":18,"column":2},"end":{"line":18,"column":74}},"2":{"start":{"line":27,"column":2},"end":{"line":27,"column":47}},"3":{"start":{"line":36,"column":2},"end":{"line":38,"column":3}},"4":{"start":{"line":37,"column":4},"end":{"line":37,"column":76}},"5":{"start":{"line":39,"column":2},"end":{"line":39,"column":27}},"6":{"start":{"line":49,"column":2},"end":{"line":51,"column":3}},"7":{"start":{"line":50,"column":4},"end":{"line":50,"column":57}},"8":{"start":{"line":52,"column":2},"end":{"line":54,"column":3}},"9":{"start":{"line":53,"column":4},"end":{"line":53,"column":59}},"10":{"start":{"line":55,"column":2},"end":{"line":55,"column":72}},"11":{"start":{"line":65,"column":2},"end":{"line":67,"column":3}},"12":{"start":{"line":66,"column":4},"end":{"line":66,"column":55}},"13":{"start":{"line":68,"column":2},"end":{"line":75,"column":3}},"14":{"start":{"line":74,"column":4},"end":{"line":74,"column":74}},"15":{"start":{"line":76,"column":21},"end":{"line":76,"column":56}},"16":{"start":{"line":77,"column":2},"end":{"line":77,"column":44}},"17":{"start":{"line":86,"column":2},"end":{"line":86,"column":46}},"18":{"start":{"line":86,"column":33},"end":{"line":86,"column":46}},"19":{"start":{"line":87,"column":13},"end":{"line":87,"column":41}},"20":{"start":{"line":88,"column":2},"end":{"line":88,"column":31}},"21":{"start":{"line":99,"column":2},"end":{"line":101,"column":3}},"22":{"start":{"line":100,"column":4},"end":{"line":100,"column":46}},"23":{"start":{"line":102,"column":2},"end":{"line":104,"column":3}},"24":{"start":{"line":103,"column":4},"end":{"line":103,"column":55}},"25":{"start":{"line":105,"column":2},"end":{"line":107,"column":3}},"26":{"start":{"line":106,"column":4},"end":{"line":106,"column":59}},"27":{"start":{"line":108,"column":16},"end":{"line":108,"column":28}},"28":{"start":{"line":109,"column":21},"end":{"line":109,"column":48}},"29":{"start":{"line":110,"column":16},"end":{"line":110,"column":37}},"30":{"start":{"line":111,"column":14},"end":{"line":111,"column":30}},"31":{"start":{"line":112,"column":2},"end":{"line":118,"column":4}},"32":{"start":{"line":121,"column":0},"end":{"line":130,"column":2}}},"fnMap":{"0":{"name":"isNonEmptyString","decl":{"start":{"line":8,"column":9},"end":{"line":8,"column":25}},"loc":{"start":{"line":8,"column":33},"end":{"line":10,"column":1}},"line":8},"1":{"name":"isPositiveNumber","decl":{"start":{"line":17,"column":9},"end":{"line":17,"column":25}},"loc":{"start":{"line":17,"column":33},"end":{"line":19,"column":1}},"line":17},"2":{"name":"isNonNegativeInteger","decl":{"start":{"line":26,"column":9},"end":{"line":26,"column":29}},"loc":{"start":{"line":26,"column":37},"end":{"line":28,"column":1}},"line":26},"3":{"name":"formatPrice","decl":{"start":{"line":35,"column":9},"end":{"line":35,"column":20}},"loc":{"start":{"line":35,"column":29},"end":{"line":40,"column":1}},"line":35},"4":{"name":"generateId","decl":{"start":{"line":48,"column":9},"end":{"line":48,"column":19}},"loc":{"start":{"line":48,"column":38},"end":{"line":56,"column":1}},"line":48},"5":{"name":"applyDiscount","decl":{"start":{"line":64,"column":9},"end":{"line":64,"column":22}},"loc":{"start":{"line":64,"column":47},"end":{"line":78,"column":1}},"line":64},"6":{"name":"isValidEmail","decl":{"start":{"line":85,"column":9},"end":{"line":85,"column":21}},"loc":{"start":{"line":85,"column":29},"end":{"line":89,"column":1}},"line":85},"7":{"name":"paginate","decl":{"start":{"line":98,"column":9},"end":{"line":98,"column":17}},"loc":{"start":{"line":98,"column":41},"end":{"line":119,"column":1}},"line":98}},"branchMap":{"0":{"loc":{"start":{"line":9,"column":9},"end":{"line":9,"column":61}},"type":"binary-expr","locations":[{"start":{"line":9,"column":9},"end":{"line":9,"column":34}},{"start":{"line":9,"column":38},"end":{"line":9,"column":61}}],"line":9},"1":{"loc":{"start":{"line":18,"column":9},"end":{"line":18,"column":73}},"type":"binary-expr","locations":[{"start":{"line":18,"column":9},"end":{"line":18,"column":34}},{"start":{"line":18,"column":38},"end":{"line":18,"column":60}},{"start":{"line":18,"column":64},"end":{"line":18,"column":73}}],"line":18},"2":{"loc":{"start":{"line":27,"column":9},"end":{"line":27,"column":46}},"type":"binary-expr","locations":[{"start":{"line":27,"column":9},"end":{"line":27,"column":32}},{"start":{"line":27,"column":36},"end":{"line":27,"column":46}}],"line":27},"3":{"loc":{"start":{"line":36,"column":2},"end":{"line":38,"column":3}},"type":"if","locations":[{"start":{"line":36,"column":2},"end":{"line":38,"column":3}},{"start":{},"end":{}}],"line":36},"4":{"loc":{"start":{"line":36,"column":6},"end":{"line":36,"column":47}},"type":"binary-expr","locations":[{"start":{"line":36,"column":6},"end":{"line":36,"column":31}},{"start":{"line":36,"column":35},"end":{"line":36,"column":47}}],"line":36},"5":{"loc":{"start":{"line":49,"column":2},"end":{"line":51,"column":3}},"type":"if","locations":[{"start":{"line":49,"column":2},"end":{"line":51,"column":3}},{"start":{},"end":{}}],"line":49},"6":{"loc":{"start":{"line":52,"column":2},"end":{"line":54,"column":3}},"type":"if","locations":[{"start":{"line":52,"column":2},"end":{"line":54,"column":3}},{"start":{},"end":{}}],"line":52},"7":{"loc":{"start":{"line":52,"column":6},"end":{"line":52,"column":49}},"type":"binary-expr","locations":[{"start":{"line":52,"column":6},"end":{"line":52,"column":33}},{"start":{"line":52,"column":37},"end":{"line":52,"column":49}}],"line":52},"8":{"loc":{"start":{"line":65,"column":2},"end":{"line":67,"column":3}},"type":"if","locations":[{"start":{"line":65,"column":2},"end":{"line":67,"column":3}},{"start":{},"end":{}}],"line":65},"9":{"loc":{"start":{"line":68,"column":2},"end":{"line":75,"column":3}},"type":"if","locations":[{"start":{"line":68,"column":2},"end":{"line":75,"column":3}},{"start":{},"end":{}}],"line":68},"10":{"loc":{"start":{"line":69,"column":4},"end":{"line":72,"column":25}},"type":"binary-expr","locations":[{"start":{"line":69,"column":4},"end":{"line":69,"column":39}},{"start":{"line":70,"column":4},"end":{"line":70,"column":37}},{"start":{"line":71,"column":4},"end":{"line":71,"column":23}},{"start":{"line":72,"column":4},"end":{"line":72,"column":25}}],"line":69},"11":{"loc":{"start":{"line":86,"column":2},"end":{"line":86,"column":46}},"type":"if","locations":[{"start":{"line":86,"column":2},"end":{"line":86,"column":46}},{"start":{},"end":{}}],"line":86},"12":{"loc":{"start":{"line":99,"column":2},"end":{"line":101,"column":3}},"type":"if","locations":[{"start":{"line":99,"column":2},"end":{"line":101,"column":3}},{"start":{},"end":{}}],"line":99},"13":{"loc":{"start":{"line":102,"column":2},"end":{"line":104,"column":3}},"type":"if","locations":[{"start":{"line":102,"column":2},"end":{"line":104,"column":3}},{"start":{},"end":{}}],"line":102},"14":{"loc":{"start":{"line":102,"column":6},"end":{"line":102,"column":41}},"type":"binary-expr","locations":[{"start":{"line":102,"column":6},"end":{"line":102,"column":29}},{"start":{"line":102,"column":33},"end":{"line":102,"column":41}}],"line":102},"15":{"loc":{"start":{"line":105,"column":2},"end":{"line":107,"column":3}},"type":"if","locations":[{"start":{"line":105,"column":2},"end":{"line":107,"column":3}},{"start":{},"end":{}}],"line":105},"16":{"loc":{"start":{"line":105,"column":6},"end":{"line":105,"column":49}},"type":"binary-expr","locations":[{"start":{"line":105,"column":6},"end":{"line":105,"column":33}},{"start":{"line":105,"column":37},"end":{"line":105,"column":49}}],"line":105}},"s":{"0":1083,"1":194,"2":301,"3":7,"4":3,"5":4,"6":215,"7":2,"8":213,"9":3,"10":210,"11":10,"12":2,"13":8,"14":3,"15":5,"16":5,"17":38,"18":3,"19":35,"20":35,"21":10,"22":1,"23":9,"24":2,"25":7,"26":2,"27":5,"28":5,"29":5,"30":5,"31":5,"32":5},"f":{"0":1083,"1":194,"2":301,"3":7,"4":215,"5":10,"6":38,"7":10},"b":{"0":[1083,1072],"1":[194,191,188],"2":[301,293],"3":[3,4],"4":[7,4],"5":[2,213],"6":[3,210],"7":[213,212],"8":[2,8],"9":[3,5],"10":[8,7,7,6],"11":[3,35],"12":[1,9],"13":[2,7],"14":[9,9],"15":[2,5],"16":[7,6]},"_coverageSchema":"1a1c01bbd47fc00a2c39e90264f33305004495a9","hash":"ca8d71daf1d1898b5548042ed670851c3e0e1619"}
}
