TN:
SF:src/cart.js
FN:14,_reset
FN:25,getCart
FN:40,addToCart
FN:59,(anonymous_3)
FN:80,updateCartItem
FN:88,(anonymous_5)
FN:111,removeFromCart
FN:120,clearCart
FN:134,getCartTotal
FN:138,(anonymous_9)
FN:142,_deepCopy
FNF:11
FNH:11
FNDA:62,_reset
FNDA:32,getCart
FNDA:75,addToCart
FNDA:24,(anonymous_3)
FNDA:12,updateCartItem
FNDA:7,(anonymous_5)
FNDA:2,removeFromCart
FNDA:25,clearCart
FNDA:27,getCartTotal
FNDA:42,(anonymous_9)
FNDA:125,_deepCopy
DA:3,2
DA:4,2
DA:9,2
DA:15,62
DA:16,47
DA:26,32
DA:27,31
DA:28,4
DA:30,31
DA:41,75
DA:42,74
DA:43,73
DA:44,2
DA:47,71
DA:48,71
DA:49,70
DA:50,69
DA:51,1
DA:54,68
DA:55,43
DA:58,68
DA:59,68
DA:60,68
DA:61,3
DA:62,3
DA:63,1
DA:65,2
DA:67,65
DA:69,67
DA:70,67
DA:81,12
DA:82,11
DA:83,10
DA:85,8
DA:86,8
DA:88,7
DA:89,7
DA:91,6
DA:92,3
DA:94,3
DA:95,3
DA:96,2
DA:97,1
DA:99,1
DA:101,4
DA:102,4
DA:112,2
DA:121,25
DA:122,24
DA:123,24
DA:124,23
DA:125,23
DA:126,23
DA:135,27
DA:136,26
DA:137,26
DA:138,42
DA:139,25
DA:143,125
DA:146,2
LF:60
LH:60
BRDA:26,0,0,1
BRDA:26,0,1,31
BRDA:27,1,0,4
BRDA:27,1,1,27
BRDA:40,2,0,1
BRDA:41,3,0,1
BRDA:41,3,1,74
BRDA:42,4,0,1
BRDA:42,4,1,73
BRDA:43,5,0,2
BRDA:43,5,1,71
BRDA:43,6,0,73
BRDA:43,6,1,72
BRDA:48,7,0,1
BRDA:48,7,1,70
BRDA:49,8,0,1
BRDA:49,8,1,69
BRDA:50,9,0,1
BRDA:50,9,1,68
BRDA:54,10,0,43
BRDA:54,10,1,25
BRDA:60,11,0,3
BRDA:60,11,1,65
BRDA:62,12,0,1
BRDA:62,12,1,2
BRDA:81,13,0,1
BRDA:81,13,1,11
BRDA:82,14,0,1
BRDA:82,14,1,10
BRDA:83,15,0,2
BRDA:83,15,1,8
BRDA:86,16,0,1
BRDA:86,16,1,7
BRDA:89,17,0,1
BRDA:89,17,1,6
BRDA:91,18,0,3
BRDA:91,18,1,3
BRDA:95,19,0,1
BRDA:95,19,1,2
BRDA:96,20,0,1
BRDA:96,20,1,1
BRDA:121,21,0,1
BRDA:121,21,1,24
BRDA:123,22,0,1
BRDA:123,22,1,23
BRDA:135,23,0,1
BRDA:135,23,1,26
BRDA:137,24,0,1
BRDA:137,24,1,25
BRF:49
BRH:49
end_of_record
TN:
SF:src/orders.js
FN:29,_reset
FN:42,placeOrder
FN:68,(anonymous_2)
FN:80,(anonymous_3)
FN:88,getOrder
FN:91,(anonymous_5)
FN:99,listOrdersByUser
FN:102,(anonymous_7)
FN:103,(anonymous_8)
FN:103,(anonymous_9)
FN:114,updateOrderStatus
FN:138,(anonymous_11)
FNF:12
FNH:12
FNDA:26,_reset
FNDA:25,placeOrder
FNDA:39,(anonymous_2)
FNDA:39,(anonymous_3)
FNDA:4,getOrder
FNDA:6,(anonymous_5)
FNDA:4,listOrdersByUser
FNDA:4,(anonymous_7)
FNDA:3,(anonymous_8)
FNDA:4,(anonymous_9)
FNDA:21,updateOrderStatus
FNDA:30,(anonymous_11)
DA:3,1
DA:4,1
DA:5,1
DA:7,1
DA:13,1
DA:15,1
DA:18,1
DA:30,26
DA:31,22
DA:33,26
DA:43,25
DA:45,24
DA:46,24
DA:49,23
DA:50,23
DA:51,23
DA:52,40
DA:53,39
DA:57,1
DA:60,22
DA:61,22
DA:62,22
DA:64,22
DA:65,22
DA:68,39
DA:77,22
DA:78,22
DA:80,39
DA:89,4
DA:90,4
DA:91,6
DA:100,4
DA:101,3
DA:102,4
DA:103,4
DA:115,21
DA:116,20
DA:117,1
DA:120,19
DA:121,19
DA:123,18
DA:131,18
DA:132,18
DA:133,3
DA:136,15
DA:137,15
DA:138,30
DA:141,1
LF:48
LH:48
BRDA:43,0,0,1
BRDA:43,0,1,24
BRDA:46,1,0,1
BRDA:46,1,1,23
BRDA:90,2,0,1
BRDA:90,2,1,3
BRDA:100,3,0,1
BRDA:100,3,1,3
BRDA:115,4,0,1
BRDA:115,4,1,20
BRDA:116,5,0,1
BRDA:116,5,1,19
BRDA:121,6,0,1
BRDA:121,6,1,18
BRDA:132,7,0,3
BRDA:132,7,1,15
BRF:16
BRH:16
end_of_record
TN:
SF:src/products.js
FN:16,_reset
FN:26,createProduct
FN:52,getProductById
FN:53,(anonymous_3)
FN:62,listProducts
FN:63,(anonymous_5)
FN:66,(anonymous_6)
FN:68,(anonymous_7)
FN:77,updateProduct
FN:78,(anonymous_9)
FN:115,deleteProduct
FN:126,reserveStock
FN:130,(anonymous_12)
FNF:13
FNH:13
FNDA:109,_reset
FNDA:170,createProduct
FNDA:80,getProductById
FNDA:109,(anonymous_3)
FNDA:7,listProducts
FNDA:8,(anonymous_5)
FNDA:4,(anonymous_6)
FNDA:4,(anonymous_7)
FNDA:19,updateProduct
FNDA:18,(anonymous_9)
FNDA:5,deleteProduct
FNDA:47,reserveStock
FNDA:66,(anonymous_12)
DA:3,3
DA:5,3
DA:11,3
DA:17,109
DA:18,109
DA:27,170
DA:28,167
DA:29,166
DA:30,164
DA:31,163
DA:33,161
DA:34,161
DA:43,161
DA:44,161
DA:53,109
DA:54,80
DA:63,8
DA:64,7
DA:65,3
DA:66,4
DA:68,7
DA:78,19
DA:79,19
DA:81,18
DA:83,18
DA:84,3
DA:85,2
DA:87,17
DA:88,2
DA:89,1
DA:91,16
DA:92,3
DA:93,2
DA:95,15
DA:96,2
DA:97,1
DA:99,14
DA:100,2
DA:101,1
DA:103,13
DA:104,5
DA:107,13
DA:116,5
DA:127,47
DA:128,3
DA:130,66
DA:131,44
DA:132,43
DA:133,43
DA:134,2
DA:136,41
DA:137,41
DA:140,3
LF:53
LH:53
BRDA:26,0,0,1
BRDA:26,1,0,35
BRDA:27,2,0,3
BRDA:27,2,1,167
BRDA:28,3,0,1
BRDA:28,3,1,166
BRDA:29,4,0,2
BRDA:29,4,1,164
BRDA:30,5,0,1
BRDA:30,5,1,163
BRDA:31,6,0,2
BRDA:31,6,1,161
BRDA:54,7,0,77
BRDA:54,7,1,3
BRDA:62,8,0,4
BRDA:64,9,0,3
BRDA:64,9,1,4
BRDA:77,10,0,1
BRDA:79,11,0,1
BRDA:79,11,1,18
BRDA:83,12,0,3
BRDA:83,12,1,15
BRDA:84,13,0,1
BRDA:84,13,1,2
BRDA:87,14,0,2
BRDA:87,14,1,15
BRDA:88,15,0,1
BRDA:88,15,1,1
BRDA:91,16,0,3
BRDA:91,16,1,13
BRDA:92,17,0,1
BRDA:92,17,1,2
BRDA:95,18,0,2
BRDA:95,18,1,13
BRDA:96,19,0,1
BRDA:96,19,1,1
BRDA:99,20,0,2
BRDA:99,20,1,12
BRDA:100,21,0,1
BRDA:100,21,1,1
BRDA:103,22,0,5
BRDA:103,22,1,8
BRDA:127,23,0,3
BRDA:127,23,1,44
BRDA:127,24,0,47
BRDA:127,24,1,45
BRDA:131,25,0,1
BRDA:131,25,1,43
BRDA:133,26,0,2
BRDA:133,26,1,41
BRF:50
BRH:50
end_of_record
TN:
SF:src/users.js
FN:22,_reset
FN:34,createUser
FN:41,(anonymous_2)
FN:63,getUserById
FN:73,getUserByEmail
FN:76,(anonymous_5)
FN:85,listUsers
FN:87,(anonymous_7)
FN:88,(anonymous_8)
FN:97,updateUser
FN:121,deactivateUser
FNF:11
FNH:11
FNDA:33,_reset
FNDA:31,createUser
FNDA:4,(anonymous_2)
FNDA:5,getUserById
FNDA:5,getUserByEmail
FNDA:2,(anonymous_5)
FNDA:4,listUsers
FNDA:4,(anonymous_7)
FNDA:2,(anonymous_8)
FNDA:12,updateUser
FNDA:4,deactivateUser
DA:3,1
DA:5,1
DA:11,1
DA:14,1
DA:23,33
DA:24,24
DA:26,33
DA:35,31
DA:36,28
DA:37,27
DA:40,26
DA:41,4
DA:43,26
DA:45,24
DA:46,24
DA:54,24
DA:55,24
DA:64,5
DA:65,5
DA:74,5
DA:75,3
DA:76,2
DA:78,3
DA:86,4
DA:87,4
DA:88,2
DA:98,12
DA:99,11
DA:100,11
DA:102,10
DA:103,3
DA:104,2
DA:106,9
DA:107,2
DA:108,1
DA:110,8
DA:111,4
DA:113,8
DA:122,4
DA:125,1
LF:40
LH:40
BRDA:34,0,0,1
BRDA:34,1,0,29
BRDA:35,2,0,3
BRDA:35,2,1,28
BRDA:36,3,0,1
BRDA:36,3,1,27
BRDA:37,4,0,1
BRDA:37,4,1,26
BRDA:43,5,0,2
BRDA:43,5,1,24
BRDA:65,6,0,4
BRDA:65,6,1,1
BRDA:74,7,0,2
BRDA:74,7,1,3
BRDA:78,8,0,2
BRDA:78,8,1,1
BRDA:97,9,0,1
BRDA:98,10,0,1
BRDA:98,10,1,11
BRDA:100,11,0,1
BRDA:100,11,1,10
BRDA:102,12,0,3
BRDA:102,12,1,7
BRDA:103,13,0,1
BRDA:103,13,1,2
BRDA:106,14,0,2
BRDA:106,14,1,7
BRDA:107,15,0,1
BRDA:107,15,1,1
BRDA:110,16,0,4
BRDA:110,16,1,4
BRF:31
BRH:31
end_of_record
TN:
SF:src/utils.js
FN:8,isNonEmptyString
FN:17,isPositiveNumber
FN:26,isNonNegativeInteger
FN:35,formatPrice
FN:48,generateId
FN:64,applyDiscount
FN:85,isValidEmail
FN:98,paginate
FNF:8
FNH:8
FNDA:1083,isNonEmptyString
FNDA:194,isPositiveNumber
FNDA:301,isNonNegativeInteger
FNDA:7,formatPrice
FNDA:215,generateId
FNDA:10,applyDiscount
FNDA:38,isValidEmail
FNDA:10,paginate
DA:9,1083
DA:18,194
DA:27,301
DA:36,7
DA:37,3
DA:39,4
DA:49,215
DA:50,2
DA:52,213
DA:53,3
DA:55,210
DA:65,10
DA:66,2
DA:68,8
DA:74,3
DA:76,5
DA:77,5
DA:86,38
DA:87,35
DA:88,35
DA:99,10
DA:100,1
DA:102,9
DA:103,2
DA:105,7
DA:106,2
DA:108,5
DA:109,5
DA:110,5
DA:111,5
DA:112,5
DA:121,5
LF:32
LH:32
BRDA:9,0,0,1083
BRDA:9,0,1,1072
BRDA:18,1,0,194
BRDA:18,1,1,191
BRDA:18,1,2,188
BRDA:27,2,0,301
BRDA:27,2,1,293
BRDA:36,3,0,3
BRDA:36,3,1,4
BRDA:36,4,0,7
BRDA:36,4,1,4
BRDA:49,5,0,2
BRDA:49,5,1,213
BRDA:52,6,0,3
BRDA:52,6,1,210
BRDA:52,7,0,213
BRDA:52,7,1,212
BRDA:65,8,0,2
BRDA:65,8,1,8
BRDA:68,9,0,3
BRDA:68,9,1,5
BRDA:69,10,0,8
BRDA:69,10,1,7
BRDA:69,10,2,7
BRDA:69,10,3,6
BRDA:86,11,0,3
BRDA:86,11,1,35
BRDA:99,12,0,1
BRDA:99,12,1,9
BRDA:102,13,0,2
BRDA:102,13,1,7
BRDA:102,14,0,9
BRDA:102,14,1,9
BRDA:105,15,0,2
BRDA:105,15,1,5
BRDA:105,16,0,7
BRDA:105,16,1,6
BRF:37
BRH:37
end_of_record
