TN:
SF:src/cart.js
FN:11,(anonymous_0)
FN:29,(anonymous_1)
FN:46,(anonymous_2)
FN:72,(anonymous_3)
FN:88,(anonymous_4)
FN:97,(anonymous_5)
FN:98,(anonymous_6)
FN:105,(anonymous_7)
FN:116,(anonymous_8)
FN:123,(anonymous_9)
FN:132,(anonymous_10)
FN:139,(anonymous_11)
FNF:12
FNH:12
FNDA:3,(anonymous_0)
FNDA:39,(anonymous_1)
FNDA:34,(anonymous_2)
FNDA:5,(anonymous_3)
FNDA:2,(anonymous_4)
FNDA:9,(anonymous_5)
FNDA:9,(anonymous_6)
FNDA:3,(anonymous_7)
FNDA:5,(anonymous_8)
FNDA:2,(anonymous_9)
FNDA:2,(anonymous_10)
FNDA:4,(anonymous_11)
DA:8,1
DA:12,3
DA:13,3
DA:30,39
DA:31,3
DA:33,36
DA:34,36
DA:35,36
DA:47,34
DA:48,2
DA:50,32
DA:51,1
DA:53,31
DA:54,3
DA:56,28
DA:57,3
DA:60,25
DA:61,1
DA:63,24
DA:73,5
DA:74,4
DA:75,2
DA:77,2
DA:78,1
DA:80,1
DA:89,2
DA:90,1
DA:98,9
DA:106,3
DA:107,3
DA:108,3
DA:110,3
DA:117,5
DA:124,2
DA:125,2
DA:126,2
DA:133,2
DA:140,4
DA:144,1
LF:39
LH:39
BRDA:30,0,0,3
BRDA:30,0,1,36
BRDA:30,1,0,39
BRDA:30,1,1,37
BRDA:30,1,2,37
BRDA:46,2,0,1
BRDA:47,3,0,2
BRDA:47,3,1,32
BRDA:47,4,0,34
BRDA:47,4,1,32
BRDA:50,5,0,1
BRDA:50,5,1,31
BRDA:50,6,0,32
BRDA:50,6,1,31
BRDA:53,7,0,3
BRDA:53,7,1,28
BRDA:53,8,0,31
BRDA:53,8,1,30
BRDA:53,8,2,29
BRDA:56,9,0,3
BRDA:56,9,1,25
BRDA:56,10,0,28
BRDA:56,10,1,27
BRDA:60,11,0,1
BRDA:60,11,1,24
BRDA:73,12,0,1
BRDA:73,12,1,4
BRDA:74,13,0,2
BRDA:74,13,1,2
BRDA:74,14,0,4
BRDA:74,14,1,3
BRDA:77,15,0,1
BRDA:77,15,1,1
BRDA:89,16,0,1
BRDA:89,16,1,1
BRF:35
BRH:35
end_of_record
TN:
SF:src/discount.js
FN:10,(anonymous_0)
FN:17,(anonymous_1)
FN:24,(anonymous_2)
FN:43,validateCouponData
FN:59,(anonymous_4)
FN:68,(anonymous_5)
FN:93,(anonymous_6)
FN:108,(anonymous_7)
FN:138,(anonymous_8)
FN:149,(anonymous_9)
FNF:10
FNH:10
FNDA:6,(anonymous_0)
FNDA:2,(anonymous_1)
FNDA:2,(anonymous_2)
FNDA:37,validateCouponData
FNDA:41,(anonymous_4)
FNDA:37,(anonymous_5)
FNDA:8,(anonymous_6)
FNDA:16,(anonymous_7)
FNDA:6,(anonymous_8)
FNDA:2,(anonymous_9)
DA:7,1
DA:11,6
DA:12,6
DA:18,2
DA:19,2
DA:25,2
DA:26,2
DA:44,37
DA:45,1
DA:47,36
DA:48,1
DA:50,35
DA:51,2
DA:53,33
DA:54,1
DA:60,41
DA:69,37
DA:70,32
DA:71,32
DA:72,1
DA:74,31
DA:84,31
DA:85,31
DA:94,8
DA:95,8
DA:96,8
DA:97,6
DA:109,16
DA:110,2
DA:113,14
DA:114,14
DA:115,14
DA:116,13
DA:117,12
DA:118,11
DA:119,1
DA:121,10
DA:122,1
DA:127,9
DA:128,6
DA:131,3
DA:139,6
DA:140,6
DA:141,6
DA:142,5
DA:150,2
DA:151,2
DA:152,2
DA:153,1
DA:157,1
LF:50
LH:50
BRDA:44,0,0,1
BRDA:44,0,1,36
BRDA:44,1,0,37
BRDA:44,1,1,36
BRDA:44,1,2,36
BRDA:47,2,0,1
BRDA:47,2,1,35
BRDA:47,3,0,36
BRDA:47,3,1,5
BRDA:50,4,0,2
BRDA:50,4,1,33
BRDA:50,5,0,35
BRDA:50,5,1,35
BRDA:53,6,0,1
BRDA:53,6,1,32
BRDA:53,7,0,33
BRDA:53,7,1,29
BRDA:71,8,0,1
BRDA:71,8,1,31
BRDA:78,9,0,3
BRDA:78,9,1,28
BRDA:80,10,0,3
BRDA:80,10,1,28
BRDA:82,11,0,3
BRDA:82,11,1,28
BRDA:94,12,0,7
BRDA:94,12,1,1
BRDA:96,13,0,2
BRDA:96,13,1,6
BRDA:109,14,0,2
BRDA:109,14,1,14
BRDA:109,15,0,16
BRDA:109,15,1,16
BRDA:109,15,2,15
BRDA:113,16,0,14
BRDA:113,16,1,0
BRDA:115,17,0,1
BRDA:115,17,1,13
BRDA:116,18,0,1
BRDA:116,18,1,12
BRDA:117,19,0,1
BRDA:117,19,1,11
BRDA:117,20,0,12
BRDA:117,20,1,2
BRDA:118,21,0,1
BRDA:118,21,1,10
BRDA:118,22,0,11
BRDA:118,22,1,2
BRDA:121,23,0,1
BRDA:121,23,1,9
BRDA:127,24,0,6
BRDA:127,24,1,3
BRDA:139,25,0,6
BRDA:139,25,1,0
BRDA:141,26,0,1
BRDA:141,26,1,5
BRDA:150,27,0,2
BRDA:150,27,1,0
BRDA:152,28,0,1
BRDA:152,28,1,1
BRF:60
BRH:57
end_of_record
TN:
SF:src/order.js
FN:10,(anonymous_0)
FN:17,(anonymous_1)
FN:41,_generateId
FN:46,_resetIdCounter
FN:51,(anonymous_4)
FN:64,(anonymous_5)
FN:86,(anonymous_6)
FN:92,(anonymous_7)
FN:109,(anonymous_8)
FN:120,(anonymous_9)
FN:139,(anonymous_10)
FN:152,(anonymous_11)
FN:160,(anonymous_12)
FN:163,(anonymous_13)
FNF:14
FNH:14
FNDA:3,(anonymous_0)
FNDA:5,(anonymous_1)
FNDA:28,_generateId
FNDA:38,_resetIdCounter
FNDA:38,(anonymous_4)
FNDA:37,(anonymous_5)
FNDA:29,(anonymous_6)
FNDA:29,(anonymous_7)
FNDA:7,(anonymous_8)
FNDA:19,(anonymous_9)
FNDA:2,(anonymous_10)
FNDA:2,(anonymous_11)
FNDA:51,(anonymous_12)
FNDA:52,(anonymous_13)
DA:7,1
DA:11,3
DA:12,3
DA:18,5
DA:19,5
DA:32,1
DA:40,1
DA:42,28
DA:47,38
DA:52,38
DA:65,37
DA:66,2
DA:68,35
DA:69,2
DA:71,33
DA:72,34
DA:73,1
DA:75,33
DA:76,1
DA:78,32
DA:79,2
DA:82,29
DA:83,1
DA:86,29
DA:87,28
DA:89,28
DA:92,29
DA:101,28
DA:102,28
DA:110,7
DA:111,7
DA:112,6
DA:121,19
DA:122,19
DA:124,18
DA:125,18
DA:126,18
DA:127,4
DA:129,14
DA:130,14
DA:131,14
DA:140,2
DA:141,2
DA:142,3
DA:144,2
DA:153,2
DA:154,2
DA:155,3
DA:157,2
DA:161,51
DA:163,52
DA:168,1
LF:52
LH:52
BRDA:64,0,0,34
BRDA:65,1,0,2
BRDA:65,1,1,35
BRDA:65,2,0,37
BRDA:65,2,1,36
BRDA:65,2,2,36
BRDA:68,3,0,2
BRDA:68,3,1,33
BRDA:68,4,0,35
BRDA:68,4,1,34
BRDA:72,5,0,1
BRDA:72,5,1,33
BRDA:72,6,0,34
BRDA:72,6,1,33
BRDA:75,7,0,1
BRDA:75,7,1,32
BRDA:75,8,0,33
BRDA:75,8,1,33
BRDA:75,8,2,33
BRDA:78,9,0,2
BRDA:78,9,1,30
BRDA:78,10,0,32
BRDA:78,10,1,31
BRDA:82,11,0,1
BRDA:82,11,1,28
BRDA:82,12,0,29
BRDA:82,12,1,29
BRDA:82,12,2,29
BRDA:96,13,0,28
BRDA:96,13,1,27
BRDA:111,14,0,1
BRDA:111,14,1,6
BRDA:122,15,0,1
BRDA:122,15,1,18
BRDA:125,16,0,0
BRDA:125,16,1,18
BRDA:126,17,0,4
BRDA:126,17,1,14
BRDA:142,18,0,2
BRDA:142,18,1,1
BRDA:155,19,0,1
BRDA:155,19,1,2
BRF:42
BRH:41
end_of_record
TN:
SF:src/product.js
FN:9,(anonymous_0)
FN:16,(anonymous_1)
FN:23,(anonymous_2)
FN:40,validateProduct
FN:59,(anonymous_4)
FN:68,(anonymous_5)
FN:91,(anonymous_6)
FN:103,(anonymous_7)
FN:147,(anonymous_8)
FN:157,(anonymous_9)
FN:172,(anonymous_10)
FN:177,(anonymous_11)
FN:189,(anonymous_12)
FN:207,(anonymous_13)
FNF:14
FNH:14
FNDA:6,(anonymous_0)
FNDA:2,(anonymous_1)
FNDA:62,(anonymous_2)
FNDA:72,validateProduct
FNDA:59,(anonymous_4)
FNDA:72,(anonymous_5)
FNDA:9,(anonymous_6)
FNDA:14,(anonymous_7)
FNDA:2,(anonymous_8)
FNDA:4,(anonymous_9)
FNDA:5,(anonymous_10)
FNDA:8,(anonymous_11)
FNDA:8,(anonymous_12)
FNDA:3,(anonymous_13)
DA:10,6
DA:11,6
DA:17,2
DA:18,2
DA:24,62
DA:25,62
DA:41,72
DA:42,2
DA:44,70
DA:45,1
DA:47,69
DA:48,1
DA:50,68
DA:51,3
DA:53,65
DA:54,2
DA:60,59
DA:69,72
DA:70,63
DA:71,1
DA:73,62
DA:82,62
DA:83,62
DA:92,9
DA:93,9
DA:94,7
DA:104,14
DA:105,14
DA:107,13
DA:108,3
DA:109,1
DA:111,2
DA:113,12
DA:114,4
DA:115,2
DA:117,2
DA:119,10
DA:120,2
DA:121,1
DA:123,1
DA:125,9
DA:126,1
DA:128,9
DA:129,2
DA:130,1
DA:132,1
DA:134,8
DA:135,2
DA:136,1
DA:138,1
DA:140,7
DA:148,2
DA:149,1
DA:158,4
DA:159,4
DA:160,9
DA:161,6
DA:162,3
DA:164,4
DA:173,5
DA:174,3
DA:175,3
DA:176,9
DA:177,8
DA:178,4
DA:181,3
DA:190,8
DA:191,2
DA:193,6
DA:194,6
DA:195,5
DA:196,4
DA:197,3
DA:198,1
DA:200,2
DA:208,3
DA:212,5
LF:77
LH:77
BRDA:41,0,0,2
BRDA:41,0,1,70
BRDA:41,1,0,72
BRDA:41,1,1,71
BRDA:41,1,2,71
BRDA:44,2,0,1
BRDA:44,2,1,69
BRDA:44,3,0,70
BRDA:44,3,1,69
BRDA:44,3,2,69
BRDA:47,4,0,1
BRDA:47,4,1,68
BRDA:47,5,0,69
BRDA:47,5,1,68
BRDA:50,6,0,3
BRDA:50,6,1,65
BRDA:50,7,0,68
BRDA:50,7,1,67
BRDA:50,7,2,66
BRDA:53,8,0,2
BRDA:53,8,1,63
BRDA:53,9,0,65
BRDA:53,9,1,65
BRDA:53,9,2,64
BRDA:70,10,0,1
BRDA:70,10,1,62
BRDA:80,11,0,16
BRDA:80,11,1,46
BRDA:93,12,0,2
BRDA:93,12,1,7
BRDA:105,13,0,1
BRDA:105,13,1,13
BRDA:107,14,0,3
BRDA:107,14,1,10
BRDA:108,15,0,1
BRDA:108,15,1,2
BRDA:108,16,0,3
BRDA:108,16,1,3
BRDA:113,17,0,4
BRDA:113,17,1,8
BRDA:114,18,0,2
BRDA:114,18,1,2
BRDA:114,19,0,4
BRDA:114,19,1,4
BRDA:114,19,2,3
BRDA:119,20,0,2
BRDA:119,20,1,8
BRDA:120,21,0,1
BRDA:120,21,1,1
BRDA:120,22,0,2
BRDA:120,22,1,2
BRDA:120,22,2,2
BRDA:125,23,0,1
BRDA:125,23,1,8
BRDA:128,24,0,2
BRDA:128,24,1,7
BRDA:129,25,0,1
BRDA:129,25,1,1
BRDA:134,26,0,2
BRDA:134,26,1,6
BRDA:135,27,0,1
BRDA:135,27,1,1
BRDA:135,28,0,2
BRDA:135,28,1,2
BRDA:148,29,0,1
BRDA:148,29,1,1
BRDA:160,30,0,3
BRDA:160,30,1,6
BRDA:161,31,0,3
BRDA:161,31,1,3
BRDA:161,32,0,6
BRDA:161,32,1,4
BRDA:173,33,0,2
BRDA:173,33,1,3
BRDA:173,34,0,5
BRDA:173,34,1,4
BRDA:176,35,0,3
BRDA:176,35,1,6
BRDA:177,36,0,4
BRDA:177,36,1,2
BRDA:190,37,0,2
BRDA:190,37,1,6
BRDA:190,38,0,8
BRDA:190,38,1,8
BRDA:194,39,0,1
BRDA:194,39,1,5
BRDA:195,40,0,1
BRDA:195,40,1,4
BRDA:196,41,0,3
BRDA:196,41,1,1
BRDA:197,42,0,1
BRDA:197,42,1,2
BRF:92
BRH:92
end_of_record
TN:
SF:src/user.js
FN:10,(anonymous_0)
FN:17,(anonymous_1)
FN:36,validateEmail
FN:43,_generateUserId
FN:47,_resetUserIdCounter
FN:52,(anonymous_5)
FN:65,(anonymous_6)
FN:93,(anonymous_7)
FN:104,(anonymous_8)
FN:118,(anonymous_9)
FN:140,(anonymous_10)
FN:150,(anonymous_11)
FN:151,(anonymous_12)
FN:158,(anonymous_13)
FN:159,(anonymous_14)
FN:159,(anonymous_15)
FN:162,(anonymous_16)
FNF:17
FNH:17
FNDA:5,(anonymous_0)
FNDA:3,(anonymous_1)
FNDA:42,validateEmail
FNDA:31,_generateUserId
FNDA:39,_resetUserIdCounter
FNDA:39,(anonymous_5)
FNDA:38,(anonymous_6)
FNDA:5,(anonymous_7)
FNDA:4,(anonymous_8)
FNDA:10,(anonymous_9)
FNDA:4,(anonymous_10)
FNDA:2,(anonymous_11)
FNDA:2,(anonymous_12)
FNDA:3,(anonymous_13)
FNDA:4,(anonymous_14)
FNDA:3,(anonymous_15)
FNDA:3,(anonymous_16)
DA:7,1
DA:11,5
DA:12,5
DA:18,3
DA:19,3
DA:23,1
DA:37,42
DA:38,4
DA:42,1
DA:44,31
DA:48,39
DA:53,39
DA:54,39
DA:66,38
DA:67,35
DA:68,35
DA:69,2
DA:71,33
DA:72,2
DA:74,31
DA:75,31
DA:83,31
DA:84,31
DA:85,31
DA:94,5
DA:95,5
DA:96,4
DA:105,4
DA:106,3
DA:107,3
DA:108,3
DA:109,2
DA:119,10
DA:120,10
DA:121,9
DA:122,5
DA:123,2
DA:125,3
DA:127,7
DA:128,5
DA:129,1
DA:131,4
DA:133,6
DA:141,4
DA:142,4
DA:143,3
DA:151,2
DA:159,4
DA:163,3
DA:167,1
LF:50
LH:50
BRDA:37,0,0,4
BRDA:37,0,1,38
BRDA:37,1,0,42
BRDA:37,1,1,40
BRDA:37,1,2,40
BRDA:68,2,0,2
BRDA:68,2,1,33
BRDA:71,3,0,2
BRDA:71,3,1,31
BRDA:71,4,0,33
BRDA:71,4,1,32
BRDA:71,4,2,32
BRDA:74,5,0,1
BRDA:74,5,1,30
BRDA:95,6,0,1
BRDA:95,6,1,4
BRDA:108,7,0,1
BRDA:108,7,1,2
BRDA:120,8,0,1
BRDA:120,8,1,9
BRDA:121,9,0,5
BRDA:121,9,1,4
BRDA:122,10,0,2
BRDA:122,10,1,3
BRDA:122,11,0,5
BRDA:122,11,1,5
BRDA:127,12,0,5
BRDA:127,12,1,2
BRDA:128,13,0,1
BRDA:128,13,1,4
BRDA:128,14,0,5
BRDA:128,14,1,4
BRDA:142,15,0,1
BRDA:142,15,1,3
BRF:34
BRH:34
end_of_record
